The target system is: mbedOS - 1 - armv7-m
The host system is: Linux - 6.2.0-37-generic - x86_64
Compiling the C compiler identification source file "CMakeCCompilerId.c" succeeded.
Compiler: /usr/bin/arm-none-eabi-gcc 
Build flags: -std=c99;-fno-exceptions;-fno-unwind-tables;-ffunction-sections;-fdata-sections;-Wall;-Wextra;-mcpu=cortex-m0;-mthumb;-D__thumb2__
Id flags: -c 

The output was:
0


Compilation of the C compiler identification source "CMakeCCompilerId.c" produced "CMakeCCompilerId.o"

The C compiler identification is GNU, found in "/home/damien/Documents/Ecole/s7/projet-transverse/data-center/rf2/build/bbc-microbit-classic-gcc/CMakeFiles/3.22.1/CompilerIdC/CMakeCCompilerId.o"

Compiling the CXX compiler identification source file "CMakeCXXCompilerId.cpp" succeeded.
Compiler: /usr/bin/arm-none-eabi-g++ 
Build flags: -fno-exceptions;-fno-unwind-tables;-ffunction-sections;-fdata-sections;-Wall;-Wextra;-fno-rtti;-fno-threadsafe-statics;-mcpu=cortex-m0;-mthumb;-D__thumb2__;-std=c++11;-fwrapv
Id flags: -c 

The output was:
0


Compilation of the CXX compiler identification source "CMakeCXXCompilerId.cpp" produced "CMakeCXXCompilerId.o"

The CXX compiler identification is GNU, found in "/home/damien/Documents/Ecole/s7/projet-transverse/data-center/rf2/build/bbc-microbit-classic-gcc/CMakeFiles/3.22.1/CompilerIdCXX/CMakeCXXCompilerId.o"

Detecting C compiler ABI info compiled with the following output:
Change Dir: /home/damien/Documents/Ecole/s7/projet-transverse/data-center/rf2/build/bbc-microbit-classic-gcc/CMakeFiles/CMakeTmp

Run Build Command(s):/usr/bin/ninja cmTC_86ec2 && [1/2] Building C object CMakeFiles/cmTC_86ec2.dir/CMakeCCompilerABI.c.obj
Using built-in specs.
COLLECT_GCC=/usr/bin/arm-none-eabi-gcc
Target: arm-none-eabi
Configured with: ../configure --build=x86_64-linux-gnu --prefix=/usr --includedir='/usr/lib/include' --mandir='/usr/lib/share/man' --infodir='/usr/lib/share/info' --sysconfdir=/etc --localstatedir=/var --disable-option-checking --disable-silent-rules --libdir='/usr/lib/lib/x86_64-linux-gnu' --libexecdir='/usr/lib/lib/x86_64-linux-gnu' --disable-maintainer-mode --disable-dependency-tracking --mandir=/usr/share/man --enable-languages=c,c++,lto --enable-multilib --disable-decimal-float --disable-libffi --disable-libgomp --disable-libmudflap --disable-libquadmath --disable-libssp --disable-libstdcxx-pch --disable-nls --disable-shared --disable-threads --enable-tls --build=x86_64-linux-gnu --target=arm-none-eabi --with-system-zlib --with-gnu-as --with-gnu-ld --with-pkgversion=15:10.3-2021.07-4 --without-included-gettext --prefix=/usr/lib --infodir=/usr/share/doc/gcc-arm-none-eabi/info --htmldir=/usr/share/doc/gcc-arm-none-eabi/html --pdfdir=/usr/share/doc/gcc-arm-none-eabi/pdf --bindir=/usr/bin --libexecdir=/usr/lib --libdir=/usr/lib --disable-libstdc++-v3 --host=x86_64-linux-gnu --with-headers=no --without-newlib --with-multilib-list=rmprofile,aprofile CFLAGS='-g -O2 -ffile-prefix-map=/build/gcc-arm-none-eabi-hYfgK4/gcc-arm-none-eabi-10.3-2021.07=. -flto=auto -ffat-lto-objects -fstack-protector-strong' CPPFLAGS='-Wdate-time -D_FORTIFY_SOURCE=2' CXXFLAGS='-g -O2 -ffile-prefix-map=/build/gcc-arm-none-eabi-hYfgK4/gcc-arm-none-eabi-10.3-2021.07=. -flto=auto -ffat-lto-objects -fstack-protector-strong' DFLAGS=-frelease FCFLAGS='-g -O2 -ffile-prefix-map=/build/gcc-arm-none-eabi-hYfgK4/gcc-arm-none-eabi-10.3-2021.07=. -flto=auto -ffat-lto-objects -fstack-protector-strong' FFLAGS='-g -O2 -ffile-prefix-map=/build/gcc-arm-none-eabi-hYfgK4/gcc-arm-none-eabi-10.3-2021.07=. -flto=auto -ffat-lto-objects -fstack-protector-strong' GCJFLAGS='-g -O2 -ffile-prefix-map=/build/gcc-arm-none-eabi-hYfgK4/gcc-arm-none-eabi-10.3-2021.07=. -fstack-protector-strong' LDFLAGS='-Wl,-Bsymbolic-functions -flto=auto -Wl,-z,relro' OBJCFLAGS='-g -O2 -ffile-prefix-map=/build/gcc-arm-none-eabi-hYfgK4/gcc-arm-none-eabi-10.3-2021.07=. -flto=auto -ffat-lto-objects -fstack-protector-strong' OBJCXXFLAGS='-g -O2 -ffile-prefix-map=/build/gcc-arm-none-eabi-hYfgK4/gcc-arm-none-eabi-10.3-2021.07=. -flto=auto -ffat-lto-objects -fstack-protector-strong' INHIBIT_LIBC_CFLAGS=-DUSE_TM_CLONE_REGISTRY=0 AR_FOR_TARGET=arm-none-eabi-ar AS_FOR_TARGET=arm-none-eabi-as LD_FOR_TARGET=arm-none-eabi-ld NM_FOR_TARGET=arm-none-eabi-nm OBJDUMP_FOR_TARGET=arm-none-eabi-objdump RANLIB_FOR_TARGET=arm-none-eabi-ranlib READELF_FOR_TARGET=arm-none-eabi-readelf STRIP_FOR_TARGET=arm-none-eabi-strip SED=/bin/sed SHELL=/bin/sh BASH=/bin/bash CONFIG_SHELL=/bin/bash
Thread model: single
Supported LTO compression algorithms: zlib
gcc version 10.3.1 20210621 (release) (15:10.3-2021.07-4) 
COLLECT_GCC_OPTIONS='-std=c99' '-fno-exceptions' '-fno-unwind-tables' '-ffunction-sections' '-fdata-sections' '-Wall' '-Wextra' '-mcpu=cortex-m0' '-mthumb' '-D' '__thumb2__' '-D' 'TOOLCHAIN_GCC' '-D' 'TOOLCHAIN_GCC_ARM' '-D' 'MBED_OPERATORS' '-D' 'NRF51' '-D' 'TARGET_NORDIC' '-D' 'TARGET_M0' '-D' '__MBED__=1' '-D' 'MCU_NORDIC_16K' '-D' 'TARGET_NRF51_MICROBIT' '-D' 'TARGET_MCU_NORDIC_16K' '-D' 'TARGET_MCU_NRF51_16K_S110' '-D' 'TARGET_NRF_LFCLK_RC' '-D' 'TARGET_MCU_NORDIC_16K' '-D' '__CORTEX_M0' '-D' 'ARM_MATH_CM0' '-v' '-o' 'CMakeFiles/cmTC_86ec2.dir/CMakeCCompilerABI.c.obj' '-c' '-mfloat-abi=soft' '-mlibarch=armv6s-m' '-march=armv6s-m'
 /usr/lib/gcc/arm-none-eabi/10.3.1/cc1 -quiet -v -imultilib thumb/v6-m/nofp -D__USES_INITFINI__ -D __thumb2__ -D TOOLCHAIN_GCC -D TOOLCHAIN_GCC_ARM -D MBED_OPERATORS -D NRF51 -D TARGET_NORDIC -D TARGET_M0 -D __MBED__=1 -D MCU_NORDIC_16K -D TARGET_NRF51_MICROBIT -D TARGET_MCU_NORDIC_16K -D TARGET_MCU_NRF51_16K_S110 -D TARGET_NRF_LFCLK_RC -D TARGET_MCU_NORDIC_16K -D __CORTEX_M0 -D ARM_MATH_CM0 /usr/share/cmake-3.22/Modules/CMakeCCompilerABI.c -quiet -dumpbase CMakeCCompilerABI.c -mcpu=cortex-m0 -mthumb -mfloat-abi=soft -mlibarch=armv6s-m -march=armv6s-m -auxbase-strip CMakeFiles/cmTC_86ec2.dir/CMakeCCompilerABI.c.obj -Wall -Wextra -std=c99 -version -fno-exceptions -fno-unwind-tables -ffunction-sections -fdata-sections -o /tmp/cclyGYKP.s
GNU C99 (15:10.3-2021.07-4) version 10.3.1 20210621 (release) (arm-none-eabi)
	compiled by GNU C version 11.2.0, GMP version 6.2.1, MPFR version 4.1.0, MPC version 1.2.1, isl version isl-0.24-GMP

GGC heuristics: --param ggc-min-expand=100 --param ggc-min-heapsize=131072
ignoring nonexistent directory "/usr/lib/gcc/arm-none-eabi/10.3.1/../../../arm-none-eabi/sys-include"
#include "..." search starts here:
#include <...> search starts here:
 /usr/lib/gcc/arm-none-eabi/10.3.1/include
 /usr/lib/gcc/arm-none-eabi/10.3.1/include-fixed
 /usr/lib/gcc/arm-none-eabi/10.3.1/../../../arm-none-eabi/include
End of search list.
GNU C99 (15:10.3-2021.07-4) version 10.3.1 20210621 (release) (arm-none-eabi)
	compiled by GNU C version 11.2.0, GMP version 6.2.1, MPFR version 4.1.0, MPC version 1.2.1, isl version isl-0.24-GMP

GGC heuristics: --param ggc-min-expand=100 --param ggc-min-heapsize=131072
Compiler executable checksum: 4cf7574ae54eb0935abb4a8c56f8bcfe
COLLECT_GCC_OPTIONS='-std=c99' '-fno-exceptions' '-fno-unwind-tables' '-ffunction-sections' '-fdata-sections' '-Wall' '-Wextra' '-mcpu=cortex-m0' '-mthumb' '-D' '__thumb2__' '-D' 'TOOLCHAIN_GCC' '-D' 'TOOLCHAIN_GCC_ARM' '-D' 'MBED_OPERATORS' '-D' 'NRF51' '-D' 'TARGET_NORDIC' '-D' 'TARGET_M0' '-D' '__MBED__=1' '-D' 'MCU_NORDIC_16K' '-D' 'TARGET_NRF51_MICROBIT' '-D' 'TARGET_MCU_NORDIC_16K' '-D' 'TARGET_MCU_NRF51_16K_S110' '-D' 'TARGET_NRF_LFCLK_RC' '-D' 'TARGET_MCU_NORDIC_16K' '-D' '__CORTEX_M0' '-D' 'ARM_MATH_CM0' '-v' '-o' 'CMakeFiles/cmTC_86ec2.dir/CMakeCCompilerABI.c.obj' '-c' '-mfloat-abi=soft' '-mlibarch=armv6s-m' '-march=armv6s-m'
 /usr/lib/gcc/arm-none-eabi/10.3.1/../../../arm-none-eabi/bin/as -v -march=armv6s-m -mfloat-abi=soft -meabi=5 -o CMakeFiles/cmTC_86ec2.dir/CMakeCCompilerABI.c.obj /tmp/cclyGYKP.s
GNU assembler version 2.38 (arm-none-eabi) using BFD version (2.38-3ubuntu1+15build1) 2.38
COMPILER_PATH=/usr/lib/gcc/arm-none-eabi/10.3.1/:/usr/lib/gcc/arm-none-eabi/10.3.1/:/usr/lib/gcc/arm-none-eabi/:/usr/lib/gcc/arm-none-eabi/10.3.1/:/usr/lib/gcc/arm-none-eabi/:/usr/lib/gcc/arm-none-eabi/10.3.1/../../../arm-none-eabi/bin/
LIBRARY_PATH=/usr/lib/gcc/arm-none-eabi/10.3.1/thumb/v6-m/nofp/:/usr/lib/gcc/arm-none-eabi/10.3.1/../../../arm-none-eabi/lib/thumb/v6-m/nofp/:/usr/lib/gcc/arm-none-eabi/10.3.1/:/usr/lib/gcc/arm-none-eabi/10.3.1/../../../arm-none-eabi/lib/
COLLECT_GCC_OPTIONS='-std=c99' '-fno-exceptions' '-fno-unwind-tables' '-ffunction-sections' '-fdata-sections' '-Wall' '-Wextra' '-mcpu=cortex-m0' '-mthumb' '-D' '__thumb2__' '-D' 'TOOLCHAIN_GCC' '-D' 'TOOLCHAIN_GCC_ARM' '-D' 'MBED_OPERATORS' '-D' 'NRF51' '-D' 'TARGET_NORDIC' '-D' 'TARGET_M0' '-D' '__MBED__=1' '-D' 'MCU_NORDIC_16K' '-D' 'TARGET_NRF51_MICROBIT' '-D' 'TARGET_MCU_NORDIC_16K' '-D' 'TARGET_MCU_NRF51_16K_S110' '-D' 'TARGET_NRF_LFCLK_RC' '-D' 'TARGET_MCU_NORDIC_16K' '-D' '__CORTEX_M0' '-D' 'ARM_MATH_CM0' '-v' '-o' 'CMakeFiles/cmTC_86ec2.dir/CMakeCCompilerABI.c.obj' '-c' '-mfloat-abi=soft' '-mlibarch=armv6s-m' '-march=armv6s-m'
[2/2] Linking C executable cmTC_86ec2
Using built-in specs.
Reading specs from /usr/lib/gcc/arm-none-eabi/10.3.1/../../../arm-none-eabi/lib/nano.specs
rename spec link to nano_link
rename spec link_gcc_c_sequence to nano_link_gcc_c_sequence
rename spec cpp_unique_options to nano_cpp_unique_options
COLLECT_GCC=/usr/bin/arm-none-eabi-gcc
COLLECT_LTO_WRAPPER=/usr/lib/gcc/arm-none-eabi/10.3.1/lto-wrapper
Target: arm-none-eabi
Configured with: ../configure --build=x86_64-linux-gnu --prefix=/usr --includedir='/usr/lib/include' --mandir='/usr/lib/share/man' --infodir='/usr/lib/share/info' --sysconfdir=/etc --localstatedir=/var --disable-option-checking --disable-silent-rules --libdir='/usr/lib/lib/x86_64-linux-gnu' --libexecdir='/usr/lib/lib/x86_64-linux-gnu' --disable-maintainer-mode --disable-dependency-tracking --mandir=/usr/share/man --enable-languages=c,c++,lto --enable-multilib --disable-decimal-float --disable-libffi --disable-libgomp --disable-libmudflap --disable-libquadmath --disable-libssp --disable-libstdcxx-pch --disable-nls --disable-shared --disable-threads --enable-tls --build=x86_64-linux-gnu --target=arm-none-eabi --with-system-zlib --with-gnu-as --with-gnu-ld --with-pkgversion=15:10.3-2021.07-4 --without-included-gettext --prefix=/usr/lib --infodir=/usr/share/doc/gcc-arm-none-eabi/info --htmldir=/usr/share/doc/gcc-arm-none-eabi/html --pdfdir=/usr/share/doc/gcc-arm-none-eabi/pdf --bindir=/usr/bin --libexecdir=/usr/lib --libdir=/usr/lib --disable-libstdc++-v3 --host=x86_64-linux-gnu --with-headers=no --without-newlib --with-multilib-list=rmprofile,aprofile CFLAGS='-g -O2 -ffile-prefix-map=/build/gcc-arm-none-eabi-hYfgK4/gcc-arm-none-eabi-10.3-2021.07=. -flto=auto -ffat-lto-objects -fstack-protector-strong' CPPFLAGS='-Wdate-time -D_FORTIFY_SOURCE=2' CXXFLAGS='-g -O2 -ffile-prefix-map=/build/gcc-arm-none-eabi-hYfgK4/gcc-arm-none-eabi-10.3-2021.07=. -flto=auto -ffat-lto-objects -fstack-protector-strong' DFLAGS=-frelease FCFLAGS='-g -O2 -ffile-prefix-map=/build/gcc-arm-none-eabi-hYfgK4/gcc-arm-none-eabi-10.3-2021.07=. -flto=auto -ffat-lto-objects -fstack-protector-strong' FFLAGS='-g -O2 -ffile-prefix-map=/build/gcc-arm-none-eabi-hYfgK4/gcc-arm-none-eabi-10.3-2021.07=. -flto=auto -ffat-lto-objects -fstack-protector-strong' GCJFLAGS='-g -O2 -ffile-prefix-map=/build/gcc-arm-none-eabi-hYfgK4/gcc-arm-none-eabi-10.3-2021.07=. -fstack-protector-strong' LDFLAGS='-Wl,-Bsymbolic-functions -flto=auto -Wl,-z,relro' OBJCFLAGS='-g -O2 -ffile-prefix-map=/build/gcc-arm-none-eabi-hYfgK4/gcc-arm-none-eabi-10.3-2021.07=. -flto=auto -ffat-lto-objects -fstack-protector-strong' OBJCXXFLAGS='-g -O2 -ffile-prefix-map=/build/gcc-arm-none-eabi-hYfgK4/gcc-arm-none-eabi-10.3-2021.07=. -flto=auto -ffat-lto-objects -fstack-protector-strong' INHIBIT_LIBC_CFLAGS=-DUSE_TM_CLONE_REGISTRY=0 AR_FOR_TARGET=arm-none-eabi-ar AS_FOR_TARGET=arm-none-eabi-as LD_FOR_TARGET=arm-none-eabi-ld NM_FOR_TARGET=arm-none-eabi-nm OBJDUMP_FOR_TARGET=arm-none-eabi-objdump RANLIB_FOR_TARGET=arm-none-eabi-ranlib READELF_FOR_TARGET=arm-none-eabi-readelf STRIP_FOR_TARGET=arm-none-eabi-strip SED=/bin/sed SHELL=/bin/sh BASH=/bin/bash CONFIG_SHELL=/bin/bash
Thread model: single
Supported LTO compression algorithms: zlib
gcc version 10.3.1 20210621 (release) (15:10.3-2021.07-4) 
COMPILER_PATH=/usr/lib/gcc/arm-none-eabi/10.3.1/:/usr/lib/gcc/arm-none-eabi/10.3.1/:/usr/lib/gcc/arm-none-eabi/:/usr/lib/gcc/arm-none-eabi/10.3.1/:/usr/lib/gcc/arm-none-eabi/:/usr/lib/gcc/arm-none-eabi/10.3.1/../../../arm-none-eabi/bin/
LIBRARY_PATH=/usr/lib/gcc/arm-none-eabi/10.3.1/thumb/v6-m/nofp/:/usr/lib/gcc/arm-none-eabi/10.3.1/../../../arm-none-eabi/lib/thumb/v6-m/nofp/:/usr/lib/gcc/arm-none-eabi/10.3.1/:/usr/lib/gcc/arm-none-eabi/10.3.1/../../../arm-none-eabi/lib/
COLLECT_GCC_OPTIONS='-fno-exceptions' '-fno-unwind-tables' '-mcpu=cortex-m0' '-mthumb' '-T' '/home/damien/Documents/Ecole/s7/projet-transverse/data-center/rf2/yotta_targets/bbc-microbit-classic-gcc/CMake/../ld/NRF51822.ld' '-v' '-specs=nano.specs' '-o' 'cmTC_86ec2' '-mfloat-abi=soft' '-mlibarch=armv6s-m' '-march=armv6s-m'
 /usr/lib/gcc/arm-none-eabi/10.3.1/collect2 -plugin /usr/lib/gcc/arm-none-eabi/10.3.1/liblto_plugin.so -plugin-opt=/usr/lib/gcc/arm-none-eabi/10.3.1/lto-wrapper -plugin-opt=-fresolution=/tmp/ccWm68i3.res -plugin-opt=-pass-through=-lgcc -plugin-opt=-pass-through=-lc_nano -plugin-opt=-pass-through=-lgcc -plugin-opt=-pass-through=-lc_nano -X -o cmTC_86ec2 /usr/lib/gcc/arm-none-eabi/10.3.1/thumb/v6-m/nofp/crti.o /usr/lib/gcc/arm-none-eabi/10.3.1/thumb/v6-m/nofp/crtbegin.o /usr/lib/gcc/arm-none-eabi/10.3.1/../../../arm-none-eabi/lib/thumb/v6-m/nofp/crt0.o -L/usr/lib/gcc/arm-none-eabi/10.3.1/thumb/v6-m/nofp -L/usr/lib/gcc/arm-none-eabi/10.3.1/../../../arm-none-eabi/lib/thumb/v6-m/nofp -L/usr/lib/gcc/arm-none-eabi/10.3.1 -L/usr/lib/gcc/arm-none-eabi/10.3.1/../../../arm-none-eabi/lib --gc-sections --sort-common --sort-section=alignment -wrap main -Map cmTC_86ec2.map --start-group CMakeFiles/cmTC_86ec2.dir/CMakeCCompilerABI.c.obj -lm -lc_nano -lgcc -lm -lc_nano -lgcc --end-group --start-group -lgcc -lc_nano --end-group --start-group -lgcc -lc_nano --end-group /usr/lib/gcc/arm-none-eabi/10.3.1/thumb/v6-m/nofp/crtend.o /usr/lib/gcc/arm-none-eabi/10.3.1/thumb/v6-m/nofp/crtn.o -T /home/damien/Documents/Ecole/s7/projet-transverse/data-center/rf2/yotta_targets/bbc-microbit-classic-gcc/CMake/../ld/NRF51822.ld
/usr/lib/gcc/arm-none-eabi/10.3.1/../../../arm-none-eabi/bin/ld: warning: cannot find entry symbol Reset_Handler; defaulting to 0000000000018000
COLLECT_GCC_OPTIONS='-fno-exceptions' '-fno-unwind-tables' '-mcpu=cortex-m0' '-mthumb' '-T' '/home/damien/Documents/Ecole/s7/projet-transverse/data-center/rf2/yotta_targets/bbc-microbit-classic-gcc/CMake/../ld/NRF51822.ld' '-v' '-specs=nano.specs' '-o' 'cmTC_86ec2' '-mfloat-abi=soft' '-mlibarch=armv6s-m' '-march=armv6s-m'



Parsed C implicit include dir info from above output: rv=done
  found start of include info
  found start of implicit include info
    add: [/usr/lib/gcc/arm-none-eabi/10.3.1/include]
    add: [/usr/lib/gcc/arm-none-eabi/10.3.1/include-fixed]
    add: [/usr/lib/gcc/arm-none-eabi/10.3.1/../../../arm-none-eabi/include]
  end of search list found
  collapse include dir [/usr/lib/gcc/arm-none-eabi/10.3.1/include] ==> [/usr/lib/gcc/arm-none-eabi/10.3.1/include]
  collapse include dir [/usr/lib/gcc/arm-none-eabi/10.3.1/include-fixed] ==> [/usr/lib/gcc/arm-none-eabi/10.3.1/include-fixed]
  collapse include dir [/usr/lib/gcc/arm-none-eabi/10.3.1/../../../arm-none-eabi/include] ==> [/usr/lib/arm-none-eabi/include]
  implicit include dirs: [/usr/lib/gcc/arm-none-eabi/10.3.1/include;/usr/lib/gcc/arm-none-eabi/10.3.1/include-fixed;/usr/lib/arm-none-eabi/include]


Parsed C implicit link information from above output:
  link line regex: [^( *|.*[/\])(arm-none-eabi-ld|CMAKE_LINK_STARTFILE-NOTFOUND|([^/\]+-)?ld|collect2)[^/\]*( |$)]
  ignore line: [Change Dir: /home/damien/Documents/Ecole/s7/projet-transverse/data-center/rf2/build/bbc-microbit-classic-gcc/CMakeFiles/CMakeTmp]
  ignore line: []
  ignore line: [Run Build Command(s):/usr/bin/ninja cmTC_86ec2 && [1/2] Building C object CMakeFiles/cmTC_86ec2.dir/CMakeCCompilerABI.c.obj]
  ignore line: [Using built-in specs.]
  ignore line: [COLLECT_GCC=/usr/bin/arm-none-eabi-gcc]
  ignore line: [Target: arm-none-eabi]
  ignore line: [Configured with: ../configure --build=x86_64-linux-gnu --prefix=/usr --includedir='/usr/lib/include' --mandir='/usr/lib/share/man' --infodir='/usr/lib/share/info' --sysconfdir=/etc --localstatedir=/var --disable-option-checking --disable-silent-rules --libdir='/usr/lib/lib/x86_64-linux-gnu' --libexecdir='/usr/lib/lib/x86_64-linux-gnu' --disable-maintainer-mode --disable-dependency-tracking --mandir=/usr/share/man --enable-languages=c,c++,lto --enable-multilib --disable-decimal-float --disable-libffi --disable-libgomp --disable-libmudflap --disable-libquadmath --disable-libssp --disable-libstdcxx-pch --disable-nls --disable-shared --disable-threads --enable-tls --build=x86_64-linux-gnu --target=arm-none-eabi --with-system-zlib --with-gnu-as --with-gnu-ld --with-pkgversion=15:10.3-2021.07-4 --without-included-gettext --prefix=/usr/lib --infodir=/usr/share/doc/gcc-arm-none-eabi/info --htmldir=/usr/share/doc/gcc-arm-none-eabi/html --pdfdir=/usr/share/doc/gcc-arm-none-eabi/pdf --bindir=/usr/bin --libexecdir=/usr/lib --libdir=/usr/lib --disable-libstdc++-v3 --host=x86_64-linux-gnu --with-headers=no --without-newlib --with-multilib-list=rmprofile,aprofile CFLAGS='-g -O2 -ffile-prefix-map=/build/gcc-arm-none-eabi-hYfgK4/gcc-arm-none-eabi-10.3-2021.07=. -flto=auto -ffat-lto-objects -fstack-protector-strong' CPPFLAGS='-Wdate-time -D_FORTIFY_SOURCE=2' CXXFLAGS='-g -O2 -ffile-prefix-map=/build/gcc-arm-none-eabi-hYfgK4/gcc-arm-none-eabi-10.3-2021.07=. -flto=auto -ffat-lto-objects -fstack-protector-strong' DFLAGS=-frelease FCFLAGS='-g -O2 -ffile-prefix-map=/build/gcc-arm-none-eabi-hYfgK4/gcc-arm-none-eabi-10.3-2021.07=. -flto=auto -ffat-lto-objects -fstack-protector-strong' FFLAGS='-g -O2 -ffile-prefix-map=/build/gcc-arm-none-eabi-hYfgK4/gcc-arm-none-eabi-10.3-2021.07=. -flto=auto -ffat-lto-objects -fstack-protector-strong' GCJFLAGS='-g -O2 -ffile-prefix-map=/build/gcc-arm-none-eabi-hYfgK4/gcc-arm-none-eabi-10.3-2021.07=. -fstack-protector-strong' LDFLAGS='-Wl,-Bsymbolic-functions -flto=auto -Wl,-z,relro' OBJCFLAGS='-g -O2 -ffile-prefix-map=/build/gcc-arm-none-eabi-hYfgK4/gcc-arm-none-eabi-10.3-2021.07=. -flto=auto -ffat-lto-objects -fstack-protector-strong' OBJCXXFLAGS='-g -O2 -ffile-prefix-map=/build/gcc-arm-none-eabi-hYfgK4/gcc-arm-none-eabi-10.3-2021.07=. -flto=auto -ffat-lto-objects -fstack-protector-strong' INHIBIT_LIBC_CFLAGS=-DUSE_TM_CLONE_REGISTRY=0 AR_FOR_TARGET=arm-none-eabi-ar AS_FOR_TARGET=arm-none-eabi-as LD_FOR_TARGET=arm-none-eabi-ld NM_FOR_TARGET=arm-none-eabi-nm OBJDUMP_FOR_TARGET=arm-none-eabi-objdump RANLIB_FOR_TARGET=arm-none-eabi-ranlib READELF_FOR_TARGET=arm-none-eabi-readelf STRIP_FOR_TARGET=arm-none-eabi-strip SED=/bin/sed SHELL=/bin/sh BASH=/bin/bash CONFIG_SHELL=/bin/bash]
  ignore line: [Thread model: single]
  ignore line: [Supported LTO compression algorithms: zlib]
  ignore line: [gcc version 10.3.1 20210621 (release) (15:10.3-2021.07-4) ]
  ignore line: [COLLECT_GCC_OPTIONS='-std=c99' '-fno-exceptions' '-fno-unwind-tables' '-ffunction-sections' '-fdata-sections' '-Wall' '-Wextra' '-mcpu=cortex-m0' '-mthumb' '-D' '__thumb2__' '-D' 'TOOLCHAIN_GCC' '-D' 'TOOLCHAIN_GCC_ARM' '-D' 'MBED_OPERATORS' '-D' 'NRF51' '-D' 'TARGET_NORDIC' '-D' 'TARGET_M0' '-D' '__MBED__=1' '-D' 'MCU_NORDIC_16K' '-D' 'TARGET_NRF51_MICROBIT' '-D' 'TARGET_MCU_NORDIC_16K' '-D' 'TARGET_MCU_NRF51_16K_S110' '-D' 'TARGET_NRF_LFCLK_RC' '-D' 'TARGET_MCU_NORDIC_16K' '-D' '__CORTEX_M0' '-D' 'ARM_MATH_CM0' '-v' '-o' 'CMakeFiles/cmTC_86ec2.dir/CMakeCCompilerABI.c.obj' '-c' '-mfloat-abi=soft' '-mlibarch=armv6s-m' '-march=armv6s-m']
  ignore line: [ /usr/lib/gcc/arm-none-eabi/10.3.1/cc1 -quiet -v -imultilib thumb/v6-m/nofp -D__USES_INITFINI__ -D __thumb2__ -D TOOLCHAIN_GCC -D TOOLCHAIN_GCC_ARM -D MBED_OPERATORS -D NRF51 -D TARGET_NORDIC -D TARGET_M0 -D __MBED__=1 -D MCU_NORDIC_16K -D TARGET_NRF51_MICROBIT -D TARGET_MCU_NORDIC_16K -D TARGET_MCU_NRF51_16K_S110 -D TARGET_NRF_LFCLK_RC -D TARGET_MCU_NORDIC_16K -D __CORTEX_M0 -D ARM_MATH_CM0 /usr/share/cmake-3.22/Modules/CMakeCCompilerABI.c -quiet -dumpbase CMakeCCompilerABI.c -mcpu=cortex-m0 -mthumb -mfloat-abi=soft -mlibarch=armv6s-m -march=armv6s-m -auxbase-strip CMakeFiles/cmTC_86ec2.dir/CMakeCCompilerABI.c.obj -Wall -Wextra -std=c99 -version -fno-exceptions -fno-unwind-tables -ffunction-sections -fdata-sections -o /tmp/cclyGYKP.s]
  ignore line: [GNU C99 (15:10.3-2021.07-4) version 10.3.1 20210621 (release) (arm-none-eabi)]
  ignore line: [	compiled by GNU C version 11.2.0  GMP version 6.2.1  MPFR version 4.1.0  MPC version 1.2.1  isl version isl-0.24-GMP]
  ignore line: []
  ignore line: [GGC heuristics: --param ggc-min-expand=100 --param ggc-min-heapsize=131072]
  ignore line: [ignoring nonexistent directory "/usr/lib/gcc/arm-none-eabi/10.3.1/../../../arm-none-eabi/sys-include"]
  ignore line: [#include "..." search starts here:]
  ignore line: [#include <...> search starts here:]
  ignore line: [ /usr/lib/gcc/arm-none-eabi/10.3.1/include]
  ignore line: [ /usr/lib/gcc/arm-none-eabi/10.3.1/include-fixed]
  ignore line: [ /usr/lib/gcc/arm-none-eabi/10.3.1/../../../arm-none-eabi/include]
  ignore line: [End of search list.]
  ignore line: [GNU C99 (15:10.3-2021.07-4) version 10.3.1 20210621 (release) (arm-none-eabi)]
  ignore line: [	compiled by GNU C version 11.2.0  GMP version 6.2.1  MPFR version 4.1.0  MPC version 1.2.1  isl version isl-0.24-GMP]
  ignore line: []
  ignore line: [GGC heuristics: --param ggc-min-expand=100 --param ggc-min-heapsize=131072]
  ignore line: [Compiler executable checksum: 4cf7574ae54eb0935abb4a8c56f8bcfe]
  ignore line: [COLLECT_GCC_OPTIONS='-std=c99' '-fno-exceptions' '-fno-unwind-tables' '-ffunction-sections' '-fdata-sections' '-Wall' '-Wextra' '-mcpu=cortex-m0' '-mthumb' '-D' '__thumb2__' '-D' 'TOOLCHAIN_GCC' '-D' 'TOOLCHAIN_GCC_ARM' '-D' 'MBED_OPERATORS' '-D' 'NRF51' '-D' 'TARGET_NORDIC' '-D' 'TARGET_M0' '-D' '__MBED__=1' '-D' 'MCU_NORDIC_16K' '-D' 'TARGET_NRF51_MICROBIT' '-D' 'TARGET_MCU_NORDIC_16K' '-D' 'TARGET_MCU_NRF51_16K_S110' '-D' 'TARGET_NRF_LFCLK_RC' '-D' 'TARGET_MCU_NORDIC_16K' '-D' '__CORTEX_M0' '-D' 'ARM_MATH_CM0' '-v' '-o' 'CMakeFiles/cmTC_86ec2.dir/CMakeCCompilerABI.c.obj' '-c' '-mfloat-abi=soft' '-mlibarch=armv6s-m' '-march=armv6s-m']
  ignore line: [ /usr/lib/gcc/arm-none-eabi/10.3.1/../../../arm-none-eabi/bin/as -v -march=armv6s-m -mfloat-abi=soft -meabi=5 -o CMakeFiles/cmTC_86ec2.dir/CMakeCCompilerABI.c.obj /tmp/cclyGYKP.s]
  ignore line: [GNU assembler version 2.38 (arm-none-eabi) using BFD version (2.38-3ubuntu1+15build1) 2.38]
  ignore line: [COMPILER_PATH=/usr/lib/gcc/arm-none-eabi/10.3.1/:/usr/lib/gcc/arm-none-eabi/10.3.1/:/usr/lib/gcc/arm-none-eabi/:/usr/lib/gcc/arm-none-eabi/10.3.1/:/usr/lib/gcc/arm-none-eabi/:/usr/lib/gcc/arm-none-eabi/10.3.1/../../../arm-none-eabi/bin/]
  ignore line: [LIBRARY_PATH=/usr/lib/gcc/arm-none-eabi/10.3.1/thumb/v6-m/nofp/:/usr/lib/gcc/arm-none-eabi/10.3.1/../../../arm-none-eabi/lib/thumb/v6-m/nofp/:/usr/lib/gcc/arm-none-eabi/10.3.1/:/usr/lib/gcc/arm-none-eabi/10.3.1/../../../arm-none-eabi/lib/]
  ignore line: [COLLECT_GCC_OPTIONS='-std=c99' '-fno-exceptions' '-fno-unwind-tables' '-ffunction-sections' '-fdata-sections' '-Wall' '-Wextra' '-mcpu=cortex-m0' '-mthumb' '-D' '__thumb2__' '-D' 'TOOLCHAIN_GCC' '-D' 'TOOLCHAIN_GCC_ARM' '-D' 'MBED_OPERATORS' '-D' 'NRF51' '-D' 'TARGET_NORDIC' '-D' 'TARGET_M0' '-D' '__MBED__=1' '-D' 'MCU_NORDIC_16K' '-D' 'TARGET_NRF51_MICROBIT' '-D' 'TARGET_MCU_NORDIC_16K' '-D' 'TARGET_MCU_NRF51_16K_S110' '-D' 'TARGET_NRF_LFCLK_RC' '-D' 'TARGET_MCU_NORDIC_16K' '-D' '__CORTEX_M0' '-D' 'ARM_MATH_CM0' '-v' '-o' 'CMakeFiles/cmTC_86ec2.dir/CMakeCCompilerABI.c.obj' '-c' '-mfloat-abi=soft' '-mlibarch=armv6s-m' '-march=armv6s-m']
  ignore line: [[2/2] Linking C executable cmTC_86ec2]
  ignore line: [Using built-in specs.]
  ignore line: [Reading specs from /usr/lib/gcc/arm-none-eabi/10.3.1/../../../arm-none-eabi/lib/nano.specs]
  ignore line: [rename spec link to nano_link]
  ignore line: [rename spec link_gcc_c_sequence to nano_link_gcc_c_sequence]
  ignore line: [rename spec cpp_unique_options to nano_cpp_unique_options]
  ignore line: [COLLECT_GCC=/usr/bin/arm-none-eabi-gcc]
  ignore line: [COLLECT_LTO_WRAPPER=/usr/lib/gcc/arm-none-eabi/10.3.1/lto-wrapper]
  ignore line: [Target: arm-none-eabi]
  ignore line: [Configured with: ../configure --build=x86_64-linux-gnu --prefix=/usr --includedir='/usr/lib/include' --mandir='/usr/lib/share/man' --infodir='/usr/lib/share/info' --sysconfdir=/etc --localstatedir=/var --disable-option-checking --disable-silent-rules --libdir='/usr/lib/lib/x86_64-linux-gnu' --libexecdir='/usr/lib/lib/x86_64-linux-gnu' --disable-maintainer-mode --disable-dependency-tracking --mandir=/usr/share/man --enable-languages=c,c++,lto --enable-multilib --disable-decimal-float --disable-libffi --disable-libgomp --disable-libmudflap --disable-libquadmath --disable-libssp --disable-libstdcxx-pch --disable-nls --disable-shared --disable-threads --enable-tls --build=x86_64-linux-gnu --target=arm-none-eabi --with-system-zlib --with-gnu-as --with-gnu-ld --with-pkgversion=15:10.3-2021.07-4 --without-included-gettext --prefix=/usr/lib --infodir=/usr/share/doc/gcc-arm-none-eabi/info --htmldir=/usr/share/doc/gcc-arm-none-eabi/html --pdfdir=/usr/share/doc/gcc-arm-none-eabi/pdf --bindir=/usr/bin --libexecdir=/usr/lib --libdir=/usr/lib --disable-libstdc++-v3 --host=x86_64-linux-gnu --with-headers=no --without-newlib --with-multilib-list=rmprofile,aprofile CFLAGS='-g -O2 -ffile-prefix-map=/build/gcc-arm-none-eabi-hYfgK4/gcc-arm-none-eabi-10.3-2021.07=. -flto=auto -ffat-lto-objects -fstack-protector-strong' CPPFLAGS='-Wdate-time -D_FORTIFY_SOURCE=2' CXXFLAGS='-g -O2 -ffile-prefix-map=/build/gcc-arm-none-eabi-hYfgK4/gcc-arm-none-eabi-10.3-2021.07=. -flto=auto -ffat-lto-objects -fstack-protector-strong' DFLAGS=-frelease FCFLAGS='-g -O2 -ffile-prefix-map=/build/gcc-arm-none-eabi-hYfgK4/gcc-arm-none-eabi-10.3-2021.07=. -flto=auto -ffat-lto-objects -fstack-protector-strong' FFLAGS='-g -O2 -ffile-prefix-map=/build/gcc-arm-none-eabi-hYfgK4/gcc-arm-none-eabi-10.3-2021.07=. -flto=auto -ffat-lto-objects -fstack-protector-strong' GCJFLAGS='-g -O2 -ffile-prefix-map=/build/gcc-arm-none-eabi-hYfgK4/gcc-arm-none-eabi-10.3-2021.07=. -fstack-protector-strong' LDFLAGS='-Wl,-Bsymbolic-functions -flto=auto -Wl,-z,relro' OBJCFLAGS='-g -O2 -ffile-prefix-map=/build/gcc-arm-none-eabi-hYfgK4/gcc-arm-none-eabi-10.3-2021.07=. -flto=auto -ffat-lto-objects -fstack-protector-strong' OBJCXXFLAGS='-g -O2 -ffile-prefix-map=/build/gcc-arm-none-eabi-hYfgK4/gcc-arm-none-eabi-10.3-2021.07=. -flto=auto -ffat-lto-objects -fstack-protector-strong' INHIBIT_LIBC_CFLAGS=-DUSE_TM_CLONE_REGISTRY=0 AR_FOR_TARGET=arm-none-eabi-ar AS_FOR_TARGET=arm-none-eabi-as LD_FOR_TARGET=arm-none-eabi-ld NM_FOR_TARGET=arm-none-eabi-nm OBJDUMP_FOR_TARGET=arm-none-eabi-objdump RANLIB_FOR_TARGET=arm-none-eabi-ranlib READELF_FOR_TARGET=arm-none-eabi-readelf STRIP_FOR_TARGET=arm-none-eabi-strip SED=/bin/sed SHELL=/bin/sh BASH=/bin/bash CONFIG_SHELL=/bin/bash]
  ignore line: [Thread model: single]
  ignore line: [Supported LTO compression algorithms: zlib]
  ignore line: [gcc version 10.3.1 20210621 (release) (15:10.3-2021.07-4) ]
  ignore line: [COMPILER_PATH=/usr/lib/gcc/arm-none-eabi/10.3.1/:/usr/lib/gcc/arm-none-eabi/10.3.1/:/usr/lib/gcc/arm-none-eabi/:/usr/lib/gcc/arm-none-eabi/10.3.1/:/usr/lib/gcc/arm-none-eabi/:/usr/lib/gcc/arm-none-eabi/10.3.1/../../../arm-none-eabi/bin/]
  ignore line: [LIBRARY_PATH=/usr/lib/gcc/arm-none-eabi/10.3.1/thumb/v6-m/nofp/:/usr/lib/gcc/arm-none-eabi/10.3.1/../../../arm-none-eabi/lib/thumb/v6-m/nofp/:/usr/lib/gcc/arm-none-eabi/10.3.1/:/usr/lib/gcc/arm-none-eabi/10.3.1/../../../arm-none-eabi/lib/]
  ignore line: [COLLECT_GCC_OPTIONS='-fno-exceptions' '-fno-unwind-tables' '-mcpu=cortex-m0' '-mthumb' '-T' '/home/damien/Documents/Ecole/s7/projet-transverse/data-center/rf2/yotta_targets/bbc-microbit-classic-gcc/CMake/../ld/NRF51822.ld' '-v' '-specs=nano.specs' '-o' 'cmTC_86ec2' '-mfloat-abi=soft' '-mlibarch=armv6s-m' '-march=armv6s-m']
  link line: [ /usr/lib/gcc/arm-none-eabi/10.3.1/collect2 -plugin /usr/lib/gcc/arm-none-eabi/10.3.1/liblto_plugin.so -plugin-opt=/usr/lib/gcc/arm-none-eabi/10.3.1/lto-wrapper -plugin-opt=-fresolution=/tmp/ccWm68i3.res -plugin-opt=-pass-through=-lgcc -plugin-opt=-pass-through=-lc_nano -plugin-opt=-pass-through=-lgcc -plugin-opt=-pass-through=-lc_nano -X -o cmTC_86ec2 /usr/lib/gcc/arm-none-eabi/10.3.1/thumb/v6-m/nofp/crti.o /usr/lib/gcc/arm-none-eabi/10.3.1/thumb/v6-m/nofp/crtbegin.o /usr/lib/gcc/arm-none-eabi/10.3.1/../../../arm-none-eabi/lib/thumb/v6-m/nofp/crt0.o -L/usr/lib/gcc/arm-none-eabi/10.3.1/thumb/v6-m/nofp -L/usr/lib/gcc/arm-none-eabi/10.3.1/../../../arm-none-eabi/lib/thumb/v6-m/nofp -L/usr/lib/gcc/arm-none-eabi/10.3.1 -L/usr/lib/gcc/arm-none-eabi/10.3.1/../../../arm-none-eabi/lib --gc-sections --sort-common --sort-section=alignment -wrap main -Map cmTC_86ec2.map --start-group CMakeFiles/cmTC_86ec2.dir/CMakeCCompilerABI.c.obj -lm -lc_nano -lgcc -lm -lc_nano -lgcc --end-group --start-group -lgcc -lc_nano --end-group --start-group -lgcc -lc_nano --end-group /usr/lib/gcc/arm-none-eabi/10.3.1/thumb/v6-m/nofp/crtend.o /usr/lib/gcc/arm-none-eabi/10.3.1/thumb/v6-m/nofp/crtn.o -T /home/damien/Documents/Ecole/s7/projet-transverse/data-center/rf2/yotta_targets/bbc-microbit-classic-gcc/CMake/../ld/NRF51822.ld]
    arg [/usr/lib/gcc/arm-none-eabi/10.3.1/collect2] ==> ignore
    arg [-plugin] ==> ignore
    arg [/usr/lib/gcc/arm-none-eabi/10.3.1/liblto_plugin.so] ==> ignore
    arg [-plugin-opt=/usr/lib/gcc/arm-none-eabi/10.3.1/lto-wrapper] ==> ignore
    arg [-plugin-opt=-fresolution=/tmp/ccWm68i3.res] ==> ignore
    arg [-plugin-opt=-pass-through=-lgcc] ==> ignore
    arg [-plugin-opt=-pass-through=-lc_nano] ==> ignore
    arg [-plugin-opt=-pass-through=-lgcc] ==> ignore
    arg [-plugin-opt=-pass-through=-lc_nano] ==> ignore
    arg [-X] ==> ignore
    arg [-o] ==> ignore
    arg [cmTC_86ec2] ==> ignore
    arg [/usr/lib/gcc/arm-none-eabi/10.3.1/thumb/v6-m/nofp/crti.o] ==> obj [/usr/lib/gcc/arm-none-eabi/10.3.1/thumb/v6-m/nofp/crti.o]
    arg [/usr/lib/gcc/arm-none-eabi/10.3.1/thumb/v6-m/nofp/crtbegin.o] ==> obj [/usr/lib/gcc/arm-none-eabi/10.3.1/thumb/v6-m/nofp/crtbegin.o]
    arg [/usr/lib/gcc/arm-none-eabi/10.3.1/../../../arm-none-eabi/lib/thumb/v6-m/nofp/crt0.o] ==> obj [/usr/lib/gcc/arm-none-eabi/10.3.1/../../../arm-none-eabi/lib/thumb/v6-m/nofp/crt0.o]
    arg [-L/usr/lib/gcc/arm-none-eabi/10.3.1/thumb/v6-m/nofp] ==> dir [/usr/lib/gcc/arm-none-eabi/10.3.1/thumb/v6-m/nofp]
    arg [-L/usr/lib/gcc/arm-none-eabi/10.3.1/../../../arm-none-eabi/lib/thumb/v6-m/nofp] ==> dir [/usr/lib/gcc/arm-none-eabi/10.3.1/../../../arm-none-eabi/lib/thumb/v6-m/nofp]
    arg [-L/usr/lib/gcc/arm-none-eabi/10.3.1] ==> dir [/usr/lib/gcc/arm-none-eabi/10.3.1]
    arg [-L/usr/lib/gcc/arm-none-eabi/10.3.1/../../../arm-none-eabi/lib] ==> dir [/usr/lib/gcc/arm-none-eabi/10.3.1/../../../arm-none-eabi/lib]
    arg [--gc-sections] ==> ignore
    arg [--sort-common] ==> ignore
    arg [--sort-section=alignment] ==> ignore
    arg [-wrap] ==> ignore
    arg [main] ==> ignore
    arg [-Map] ==> ignore
    arg [cmTC_86ec2.map] ==> ignore
    arg [--start-group] ==> ignore
    arg [CMakeFiles/cmTC_86ec2.dir/CMakeCCompilerABI.c.obj] ==> ignore
    arg [-lm] ==> lib [m]
    arg [-lc_nano] ==> lib [c_nano]
    arg [-lgcc] ==> lib [gcc]
    arg [-lm] ==> lib [m]
    arg [-lc_nano] ==> lib [c_nano]
    arg [-lgcc] ==> lib [gcc]
    arg [--end-group] ==> ignore
    arg [--start-group] ==> ignore
    arg [-lgcc] ==> lib [gcc]
    arg [-lc_nano] ==> lib [c_nano]
    arg [--end-group] ==> ignore
    arg [--start-group] ==> ignore
    arg [-lgcc] ==> lib [gcc]
    arg [-lc_nano] ==> lib [c_nano]
    arg [--end-group] ==> ignore
    arg [/usr/lib/gcc/arm-none-eabi/10.3.1/thumb/v6-m/nofp/crtend.o] ==> obj [/usr/lib/gcc/arm-none-eabi/10.3.1/thumb/v6-m/nofp/crtend.o]
    arg [/usr/lib/gcc/arm-none-eabi/10.3.1/thumb/v6-m/nofp/crtn.o] ==> obj [/usr/lib/gcc/arm-none-eabi/10.3.1/thumb/v6-m/nofp/crtn.o]
    arg [-T] ==> ignore
    arg [/home/damien/Documents/Ecole/s7/projet-transverse/data-center/rf2/yotta_targets/bbc-microbit-classic-gcc/CMake/../ld/NRF51822.ld] ==> ignore
  collapse obj [/usr/lib/gcc/arm-none-eabi/10.3.1/../../../arm-none-eabi/lib/thumb/v6-m/nofp/crt0.o] ==> [/usr/lib/arm-none-eabi/lib/thumb/v6-m/nofp/crt0.o]
  collapse library dir [/usr/lib/gcc/arm-none-eabi/10.3.1/thumb/v6-m/nofp] ==> [/usr/lib/gcc/arm-none-eabi/10.3.1/thumb/v6-m/nofp]
  collapse library dir [/usr/lib/gcc/arm-none-eabi/10.3.1/../../../arm-none-eabi/lib/thumb/v6-m/nofp] ==> [/usr/lib/arm-none-eabi/lib/thumb/v6-m/nofp]
  collapse library dir [/usr/lib/gcc/arm-none-eabi/10.3.1] ==> [/usr/lib/gcc/arm-none-eabi/10.3.1]
  collapse library dir [/usr/lib/gcc/arm-none-eabi/10.3.1/../../../arm-none-eabi/lib] ==> [/usr/lib/arm-none-eabi/lib]
  implicit libs: [m;c_nano;gcc;m;c_nano;gcc;gcc;c_nano;gcc;c_nano]
  implicit objs: [/usr/lib/gcc/arm-none-eabi/10.3.1/thumb/v6-m/nofp/crti.o;/usr/lib/gcc/arm-none-eabi/10.3.1/thumb/v6-m/nofp/crtbegin.o;/usr/lib/arm-none-eabi/lib/thumb/v6-m/nofp/crt0.o;/usr/lib/gcc/arm-none-eabi/10.3.1/thumb/v6-m/nofp/crtend.o;/usr/lib/gcc/arm-none-eabi/10.3.1/thumb/v6-m/nofp/crtn.o]
  implicit dirs: [/usr/lib/gcc/arm-none-eabi/10.3.1/thumb/v6-m/nofp;/usr/lib/arm-none-eabi/lib/thumb/v6-m/nofp;/usr/lib/gcc/arm-none-eabi/10.3.1;/usr/lib/arm-none-eabi/lib]
  implicit fwks: []


Detecting CXX compiler ABI info compiled with the following output:
Change Dir: /home/damien/Documents/Ecole/s7/projet-transverse/data-center/rf2/build/bbc-microbit-classic-gcc/CMakeFiles/CMakeTmp

Run Build Command(s):/usr/bin/ninja cmTC_32766 && [1/2] Building CXX object CMakeFiles/cmTC_32766.dir/CMakeCXXCompilerABI.cpp.obj
Using built-in specs.
COLLECT_GCC=/usr/bin/arm-none-eabi-g++
Target: arm-none-eabi
Configured with: ../configure --build=x86_64-linux-gnu --prefix=/usr --includedir='/usr/lib/include' --mandir='/usr/lib/share/man' --infodir='/usr/lib/share/info' --sysconfdir=/etc --localstatedir=/var --disable-option-checking --disable-silent-rules --libdir='/usr/lib/lib/x86_64-linux-gnu' --libexecdir='/usr/lib/lib/x86_64-linux-gnu' --disable-maintainer-mode --disable-dependency-tracking --mandir=/usr/share/man --enable-languages=c,c++,lto --enable-multilib --disable-decimal-float --disable-libffi --disable-libgomp --disable-libmudflap --disable-libquadmath --disable-libssp --disable-libstdcxx-pch --disable-nls --disable-shared --disable-threads --enable-tls --build=x86_64-linux-gnu --target=arm-none-eabi --with-system-zlib --with-gnu-as --with-gnu-ld --with-pkgversion=15:10.3-2021.07-4 --without-included-gettext --prefix=/usr/lib --infodir=/usr/share/doc/gcc-arm-none-eabi/info --htmldir=/usr/share/doc/gcc-arm-none-eabi/html --pdfdir=/usr/share/doc/gcc-arm-none-eabi/pdf --bindir=/usr/bin --libexecdir=/usr/lib --libdir=/usr/lib --disable-libstdc++-v3 --host=x86_64-linux-gnu --with-headers=no --without-newlib --with-multilib-list=rmprofile,aprofile CFLAGS='-g -O2 -ffile-prefix-map=/build/gcc-arm-none-eabi-hYfgK4/gcc-arm-none-eabi-10.3-2021.07=. -flto=auto -ffat-lto-objects -fstack-protector-strong' CPPFLAGS='-Wdate-time -D_FORTIFY_SOURCE=2' CXXFLAGS='-g -O2 -ffile-prefix-map=/build/gcc-arm-none-eabi-hYfgK4/gcc-arm-none-eabi-10.3-2021.07=. -flto=auto -ffat-lto-objects -fstack-protector-strong' DFLAGS=-frelease FCFLAGS='-g -O2 -ffile-prefix-map=/build/gcc-arm-none-eabi-hYfgK4/gcc-arm-none-eabi-10.3-2021.07=. -flto=auto -ffat-lto-objects -fstack-protector-strong' FFLAGS='-g -O2 -ffile-prefix-map=/build/gcc-arm-none-eabi-hYfgK4/gcc-arm-none-eabi-10.3-2021.07=. -flto=auto -ffat-lto-objects -fstack-protector-strong' GCJFLAGS='-g -O2 -ffile-prefix-map=/build/gcc-arm-none-eabi-hYfgK4/gcc-arm-none-eabi-10.3-2021.07=. -fstack-protector-strong' LDFLAGS='-Wl,-Bsymbolic-functions -flto=auto -Wl,-z,relro' OBJCFLAGS='-g -O2 -ffile-prefix-map=/build/gcc-arm-none-eabi-hYfgK4/gcc-arm-none-eabi-10.3-2021.07=. -flto=auto -ffat-lto-objects -fstack-protector-strong' OBJCXXFLAGS='-g -O2 -ffile-prefix-map=/build/gcc-arm-none-eabi-hYfgK4/gcc-arm-none-eabi-10.3-2021.07=. -flto=auto -ffat-lto-objects -fstack-protector-strong' INHIBIT_LIBC_CFLAGS=-DUSE_TM_CLONE_REGISTRY=0 AR_FOR_TARGET=arm-none-eabi-ar AS_FOR_TARGET=arm-none-eabi-as LD_FOR_TARGET=arm-none-eabi-ld NM_FOR_TARGET=arm-none-eabi-nm OBJDUMP_FOR_TARGET=arm-none-eabi-objdump RANLIB_FOR_TARGET=arm-none-eabi-ranlib READELF_FOR_TARGET=arm-none-eabi-readelf STRIP_FOR_TARGET=arm-none-eabi-strip SED=/bin/sed SHELL=/bin/sh BASH=/bin/bash CONFIG_SHELL=/bin/bash
Thread model: single
Supported LTO compression algorithms: zlib
gcc version 10.3.1 20210621 (release) (15:10.3-2021.07-4) 
COLLECT_GCC_OPTIONS='-fno-exceptions' '-fno-unwind-tables' '-ffunction-sections' '-fdata-sections' '-Wall' '-Wextra' '-fno-rtti' '-fno-threadsafe-statics' '-mcpu=cortex-m0' '-mthumb' '-D' '__thumb2__' '-std=c++11' '-fwrapv' '-D' 'TOOLCHAIN_GCC' '-D' 'TOOLCHAIN_GCC_ARM' '-D' 'MBED_OPERATORS' '-D' 'NRF51' '-D' 'TARGET_NORDIC' '-D' 'TARGET_M0' '-D' '__MBED__=1' '-D' 'MCU_NORDIC_16K' '-D' 'TARGET_NRF51_MICROBIT' '-D' 'TARGET_MCU_NORDIC_16K' '-D' 'TARGET_MCU_NRF51_16K_S110' '-D' 'TARGET_NRF_LFCLK_RC' '-D' 'TARGET_MCU_NORDIC_16K' '-D' '__CORTEX_M0' '-D' 'ARM_MATH_CM0' '-v' '-o' 'CMakeFiles/cmTC_32766.dir/CMakeCXXCompilerABI.cpp.obj' '-c' '-mfloat-abi=soft' '-mlibarch=armv6s-m' '-march=armv6s-m'
 /usr/lib/gcc/arm-none-eabi/10.3.1/cc1plus -quiet -v -imultilib thumb/v6-m/nofp -D__USES_INITFINI__ -D __thumb2__ -D TOOLCHAIN_GCC -D TOOLCHAIN_GCC_ARM -D MBED_OPERATORS -D NRF51 -D TARGET_NORDIC -D TARGET_M0 -D __MBED__=1 -D MCU_NORDIC_16K -D TARGET_NRF51_MICROBIT -D TARGET_MCU_NORDIC_16K -D TARGET_MCU_NRF51_16K_S110 -D TARGET_NRF_LFCLK_RC -D TARGET_MCU_NORDIC_16K -D __CORTEX_M0 -D ARM_MATH_CM0 /usr/share/cmake-3.22/Modules/CMakeCXXCompilerABI.cpp -quiet -dumpbase CMakeCXXCompilerABI.cpp -mcpu=cortex-m0 -mthumb -mfloat-abi=soft -mlibarch=armv6s-m -march=armv6s-m -auxbase-strip CMakeFiles/cmTC_32766.dir/CMakeCXXCompilerABI.cpp.obj -Wall -Wextra -std=c++11 -version -fno-exceptions -fno-unwind-tables -ffunction-sections -fdata-sections -fno-rtti -fno-threadsafe-statics -fwrapv -o /tmp/ccmwUj2r.s
GNU C++11 (15:10.3-2021.07-4) version 10.3.1 20210621 (release) (arm-none-eabi)
	compiled by GNU C version 11.2.0, GMP version 6.2.1, MPFR version 4.1.0, MPC version 1.2.1, isl version isl-0.24-GMP

GGC heuristics: --param ggc-min-expand=100 --param ggc-min-heapsize=131072
ignoring nonexistent directory "/usr/lib/gcc/arm-none-eabi/10.3.1/../../../arm-none-eabi/sys-include"
#include "..." search starts here:
#include <...> search starts here:
 /usr/lib/gcc/arm-none-eabi/10.3.1/../../../arm-none-eabi/include/c++/10.3.1
 /usr/lib/gcc/arm-none-eabi/10.3.1/../../../arm-none-eabi/include/c++/10.3.1/arm-none-eabi/thumb/v6-m/nofp
 /usr/lib/gcc/arm-none-eabi/10.3.1/../../../arm-none-eabi/include/c++/10.3.1/backward
 /usr/lib/gcc/arm-none-eabi/10.3.1/include
 /usr/lib/gcc/arm-none-eabi/10.3.1/include-fixed
 /usr/lib/gcc/arm-none-eabi/10.3.1/../../../arm-none-eabi/include
End of search list.
GNU C++11 (15:10.3-2021.07-4) version 10.3.1 20210621 (release) (arm-none-eabi)
	compiled by GNU C version 11.2.0, GMP version 6.2.1, MPFR version 4.1.0, MPC version 1.2.1, isl version isl-0.24-GMP

GGC heuristics: --param ggc-min-expand=100 --param ggc-min-heapsize=131072
Compiler executable checksum: 4f994585a8ca8864fa1f4d2fb208a0ba
COLLECT_GCC_OPTIONS='-fno-exceptions' '-fno-unwind-tables' '-ffunction-sections' '-fdata-sections' '-Wall' '-Wextra' '-fno-rtti' '-fno-threadsafe-statics' '-mcpu=cortex-m0' '-mthumb' '-D' '__thumb2__' '-std=c++11' '-fwrapv' '-D' 'TOOLCHAIN_GCC' '-D' 'TOOLCHAIN_GCC_ARM' '-D' 'MBED_OPERATORS' '-D' 'NRF51' '-D' 'TARGET_NORDIC' '-D' 'TARGET_M0' '-D' '__MBED__=1' '-D' 'MCU_NORDIC_16K' '-D' 'TARGET_NRF51_MICROBIT' '-D' 'TARGET_MCU_NORDIC_16K' '-D' 'TARGET_MCU_NRF51_16K_S110' '-D' 'TARGET_NRF_LFCLK_RC' '-D' 'TARGET_MCU_NORDIC_16K' '-D' '__CORTEX_M0' '-D' 'ARM_MATH_CM0' '-v' '-o' 'CMakeFiles/cmTC_32766.dir/CMakeCXXCompilerABI.cpp.obj' '-c' '-mfloat-abi=soft' '-mlibarch=armv6s-m' '-march=armv6s-m'
 /usr/lib/gcc/arm-none-eabi/10.3.1/../../../arm-none-eabi/bin/as -v -march=armv6s-m -mfloat-abi=soft -meabi=5 -o CMakeFiles/cmTC_32766.dir/CMakeCXXCompilerABI.cpp.obj /tmp/ccmwUj2r.s
GNU assembler version 2.38 (arm-none-eabi) using BFD version (2.38-3ubuntu1+15build1) 2.38
COMPILER_PATH=/usr/lib/gcc/arm-none-eabi/10.3.1/:/usr/lib/gcc/arm-none-eabi/10.3.1/:/usr/lib/gcc/arm-none-eabi/:/usr/lib/gcc/arm-none-eabi/10.3.1/:/usr/lib/gcc/arm-none-eabi/:/usr/lib/gcc/arm-none-eabi/10.3.1/../../../arm-none-eabi/bin/
LIBRARY_PATH=/usr/lib/gcc/arm-none-eabi/10.3.1/thumb/v6-m/nofp/:/usr/lib/gcc/arm-none-eabi/10.3.1/../../../arm-none-eabi/lib/thumb/v6-m/nofp/:/usr/lib/gcc/arm-none-eabi/10.3.1/:/usr/lib/gcc/arm-none-eabi/10.3.1/../../../arm-none-eabi/lib/
COLLECT_GCC_OPTIONS='-fno-exceptions' '-fno-unwind-tables' '-ffunction-sections' '-fdata-sections' '-Wall' '-Wextra' '-fno-rtti' '-fno-threadsafe-statics' '-mcpu=cortex-m0' '-mthumb' '-D' '__thumb2__' '-std=c++11' '-fwrapv' '-D' 'TOOLCHAIN_GCC' '-D' 'TOOLCHAIN_GCC_ARM' '-D' 'MBED_OPERATORS' '-D' 'NRF51' '-D' 'TARGET_NORDIC' '-D' 'TARGET_M0' '-D' '__MBED__=1' '-D' 'MCU_NORDIC_16K' '-D' 'TARGET_NRF51_MICROBIT' '-D' 'TARGET_MCU_NORDIC_16K' '-D' 'TARGET_MCU_NRF51_16K_S110' '-D' 'TARGET_NRF_LFCLK_RC' '-D' 'TARGET_MCU_NORDIC_16K' '-D' '__CORTEX_M0' '-D' 'ARM_MATH_CM0' '-v' '-o' 'CMakeFiles/cmTC_32766.dir/CMakeCXXCompilerABI.cpp.obj' '-c' '-mfloat-abi=soft' '-mlibarch=armv6s-m' '-march=armv6s-m'
[2/2] Linking CXX executable cmTC_32766
Using built-in specs.
Reading specs from /usr/lib/gcc/arm-none-eabi/10.3.1/../../../arm-none-eabi/lib/nano.specs
rename spec link to nano_link
rename spec link_gcc_c_sequence to nano_link_gcc_c_sequence
rename spec cpp_unique_options to nano_cpp_unique_options
COLLECT_GCC=/usr/bin/arm-none-eabi-g++
COLLECT_LTO_WRAPPER=/usr/lib/gcc/arm-none-eabi/10.3.1/lto-wrapper
Target: arm-none-eabi
Configured with: ../configure --build=x86_64-linux-gnu --prefix=/usr --includedir='/usr/lib/include' --mandir='/usr/lib/share/man' --infodir='/usr/lib/share/info' --sysconfdir=/etc --localstatedir=/var --disable-option-checking --disable-silent-rules --libdir='/usr/lib/lib/x86_64-linux-gnu' --libexecdir='/usr/lib/lib/x86_64-linux-gnu' --disable-maintainer-mode --disable-dependency-tracking --mandir=/usr/share/man --enable-languages=c,c++,lto --enable-multilib --disable-decimal-float --disable-libffi --disable-libgomp --disable-libmudflap --disable-libquadmath --disable-libssp --disable-libstdcxx-pch --disable-nls --disable-shared --disable-threads --enable-tls --build=x86_64-linux-gnu --target=arm-none-eabi --with-system-zlib --with-gnu-as --with-gnu-ld --with-pkgversion=15:10.3-2021.07-4 --without-included-gettext --prefix=/usr/lib --infodir=/usr/share/doc/gcc-arm-none-eabi/info --htmldir=/usr/share/doc/gcc-arm-none-eabi/html --pdfdir=/usr/share/doc/gcc-arm-none-eabi/pdf --bindir=/usr/bin --libexecdir=/usr/lib --libdir=/usr/lib --disable-libstdc++-v3 --host=x86_64-linux-gnu --with-headers=no --without-newlib --with-multilib-list=rmprofile,aprofile CFLAGS='-g -O2 -ffile-prefix-map=/build/gcc-arm-none-eabi-hYfgK4/gcc-arm-none-eabi-10.3-2021.07=. -flto=auto -ffat-lto-objects -fstack-protector-strong' CPPFLAGS='-Wdate-time -D_FORTIFY_SOURCE=2' CXXFLAGS='-g -O2 -ffile-prefix-map=/build/gcc-arm-none-eabi-hYfgK4/gcc-arm-none-eabi-10.3-2021.07=. -flto=auto -ffat-lto-objects -fstack-protector-strong' DFLAGS=-frelease FCFLAGS='-g -O2 -ffile-prefix-map=/build/gcc-arm-none-eabi-hYfgK4/gcc-arm-none-eabi-10.3-2021.07=. -flto=auto -ffat-lto-objects -fstack-protector-strong' FFLAGS='-g -O2 -ffile-prefix-map=/build/gcc-arm-none-eabi-hYfgK4/gcc-arm-none-eabi-10.3-2021.07=. -flto=auto -ffat-lto-objects -fstack-protector-strong' GCJFLAGS='-g -O2 -ffile-prefix-map=/build/gcc-arm-none-eabi-hYfgK4/gcc-arm-none-eabi-10.3-2021.07=. -fstack-protector-strong' LDFLAGS='-Wl,-Bsymbolic-functions -flto=auto -Wl,-z,relro' OBJCFLAGS='-g -O2 -ffile-prefix-map=/build/gcc-arm-none-eabi-hYfgK4/gcc-arm-none-eabi-10.3-2021.07=. -flto=auto -ffat-lto-objects -fstack-protector-strong' OBJCXXFLAGS='-g -O2 -ffile-prefix-map=/build/gcc-arm-none-eabi-hYfgK4/gcc-arm-none-eabi-10.3-2021.07=. -flto=auto -ffat-lto-objects -fstack-protector-strong' INHIBIT_LIBC_CFLAGS=-DUSE_TM_CLONE_REGISTRY=0 AR_FOR_TARGET=arm-none-eabi-ar AS_FOR_TARGET=arm-none-eabi-as LD_FOR_TARGET=arm-none-eabi-ld NM_FOR_TARGET=arm-none-eabi-nm OBJDUMP_FOR_TARGET=arm-none-eabi-objdump RANLIB_FOR_TARGET=arm-none-eabi-ranlib READELF_FOR_TARGET=arm-none-eabi-readelf STRIP_FOR_TARGET=arm-none-eabi-strip SED=/bin/sed SHELL=/bin/sh BASH=/bin/bash CONFIG_SHELL=/bin/bash
Thread model: single
Supported LTO compression algorithms: zlib
gcc version 10.3.1 20210621 (release) (15:10.3-2021.07-4) 
COMPILER_PATH=/usr/lib/gcc/arm-none-eabi/10.3.1/:/usr/lib/gcc/arm-none-eabi/10.3.1/:/usr/lib/gcc/arm-none-eabi/:/usr/lib/gcc/arm-none-eabi/10.3.1/:/usr/lib/gcc/arm-none-eabi/:/usr/lib/gcc/arm-none-eabi/10.3.1/../../../arm-none-eabi/bin/
LIBRARY_PATH=/usr/lib/gcc/arm-none-eabi/10.3.1/thumb/v6-m/nofp/:/usr/lib/gcc/arm-none-eabi/10.3.1/../../../arm-none-eabi/lib/thumb/v6-m/nofp/:/usr/lib/gcc/arm-none-eabi/10.3.1/:/usr/lib/gcc/arm-none-eabi/10.3.1/../../../arm-none-eabi/lib/
COLLECT_GCC_OPTIONS='-fno-exceptions' '-fno-unwind-tables' '-mcpu=cortex-m0' '-mthumb' '-T' '/home/damien/Documents/Ecole/s7/projet-transverse/data-center/rf2/yotta_targets/bbc-microbit-classic-gcc/CMake/../ld/NRF51822.ld' '-v' '-specs=nano.specs' '-o' 'cmTC_32766' '-mfloat-abi=soft' '-mlibarch=armv6s-m' '-march=armv6s-m'
 /usr/lib/gcc/arm-none-eabi/10.3.1/collect2 -plugin /usr/lib/gcc/arm-none-eabi/10.3.1/liblto_plugin.so -plugin-opt=/usr/lib/gcc/arm-none-eabi/10.3.1/lto-wrapper -plugin-opt=-fresolution=/tmp/ccGZnLhe.res -plugin-opt=-pass-through=-lgcc -plugin-opt=-pass-through=-lc_nano -plugin-opt=-pass-through=-lgcc -plugin-opt=-pass-through=-lc_nano -X -o cmTC_32766 /usr/lib/gcc/arm-none-eabi/10.3.1/thumb/v6-m/nofp/crti.o /usr/lib/gcc/arm-none-eabi/10.3.1/thumb/v6-m/nofp/crtbegin.o /usr/lib/gcc/arm-none-eabi/10.3.1/../../../arm-none-eabi/lib/thumb/v6-m/nofp/crt0.o -L/usr/lib/gcc/arm-none-eabi/10.3.1/thumb/v6-m/nofp -L/usr/lib/gcc/arm-none-eabi/10.3.1/../../../arm-none-eabi/lib/thumb/v6-m/nofp -L/usr/lib/gcc/arm-none-eabi/10.3.1 -L/usr/lib/gcc/arm-none-eabi/10.3.1/../../../arm-none-eabi/lib --gc-sections --sort-common --sort-section=alignment -wrap main -Map cmTC_32766.map --start-group CMakeFiles/cmTC_32766.dir/CMakeCXXCompilerABI.cpp.obj -lstdc++_nano -lsupc++_nano -lgcc -lstdc++_nano -lsupc++_nano -lm -lc_nano -lgcc --end-group -lstdc++_nano -lm -lc_nano --start-group -lgcc -lc_nano --end-group --start-group -lgcc -lc_nano --end-group /usr/lib/gcc/arm-none-eabi/10.3.1/thumb/v6-m/nofp/crtend.o /usr/lib/gcc/arm-none-eabi/10.3.1/thumb/v6-m/nofp/crtn.o -T /home/damien/Documents/Ecole/s7/projet-transverse/data-center/rf2/yotta_targets/bbc-microbit-classic-gcc/CMake/../ld/NRF51822.ld
/usr/lib/gcc/arm-none-eabi/10.3.1/../../../arm-none-eabi/bin/ld: warning: cannot find entry symbol Reset_Handler; defaulting to 0000000000018000
COLLECT_GCC_OPTIONS='-fno-exceptions' '-fno-unwind-tables' '-mcpu=cortex-m0' '-mthumb' '-T' '/home/damien/Documents/Ecole/s7/projet-transverse/data-center/rf2/yotta_targets/bbc-microbit-classic-gcc/CMake/../ld/NRF51822.ld' '-v' '-specs=nano.specs' '-o' 'cmTC_32766' '-mfloat-abi=soft' '-mlibarch=armv6s-m' '-march=armv6s-m'



Parsed CXX implicit include dir info from above output: rv=done
  found start of include info
  found start of implicit include info
    add: [/usr/lib/gcc/arm-none-eabi/10.3.1/../../../arm-none-eabi/include/c++/10.3.1]
    add: [/usr/lib/gcc/arm-none-eabi/10.3.1/../../../arm-none-eabi/include/c++/10.3.1/arm-none-eabi/thumb/v6-m/nofp]
    add: [/usr/lib/gcc/arm-none-eabi/10.3.1/../../../arm-none-eabi/include/c++/10.3.1/backward]
    add: [/usr/lib/gcc/arm-none-eabi/10.3.1/include]
    add: [/usr/lib/gcc/arm-none-eabi/10.3.1/include-fixed]
    add: [/usr/lib/gcc/arm-none-eabi/10.3.1/../../../arm-none-eabi/include]
  end of search list found
  collapse include dir [/usr/lib/gcc/arm-none-eabi/10.3.1/../../../arm-none-eabi/include/c++/10.3.1] ==> [/usr/lib/arm-none-eabi/include/c++/10.3.1]
  collapse include dir [/usr/lib/gcc/arm-none-eabi/10.3.1/../../../arm-none-eabi/include/c++/10.3.1/arm-none-eabi/thumb/v6-m/nofp] ==> [/usr/lib/arm-none-eabi/include/c++/10.3.1/arm-none-eabi/thumb/v6-m/nofp]
  collapse include dir [/usr/lib/gcc/arm-none-eabi/10.3.1/../../../arm-none-eabi/include/c++/10.3.1/backward] ==> [/usr/lib/arm-none-eabi/include/c++/10.3.1/backward]
  collapse include dir [/usr/lib/gcc/arm-none-eabi/10.3.1/include] ==> [/usr/lib/gcc/arm-none-eabi/10.3.1/include]
  collapse include dir [/usr/lib/gcc/arm-none-eabi/10.3.1/include-fixed] ==> [/usr/lib/gcc/arm-none-eabi/10.3.1/include-fixed]
  collapse include dir [/usr/lib/gcc/arm-none-eabi/10.3.1/../../../arm-none-eabi/include] ==> [/usr/lib/arm-none-eabi/include]
  implicit include dirs: [/usr/lib/arm-none-eabi/include/c++/10.3.1;/usr/lib/arm-none-eabi/include/c++/10.3.1/arm-none-eabi/thumb/v6-m/nofp;/usr/lib/arm-none-eabi/include/c++/10.3.1/backward;/usr/lib/gcc/arm-none-eabi/10.3.1/include;/usr/lib/gcc/arm-none-eabi/10.3.1/include-fixed;/usr/lib/arm-none-eabi/include]


Parsed CXX implicit link information from above output:
  link line regex: [^( *|.*[/\])(arm-none-eabi-ld|CMAKE_LINK_STARTFILE-NOTFOUND|([^/\]+-)?ld|collect2)[^/\]*( |$)]
  ignore line: [Change Dir: /home/damien/Documents/Ecole/s7/projet-transverse/data-center/rf2/build/bbc-microbit-classic-gcc/CMakeFiles/CMakeTmp]
  ignore line: []
  ignore line: [Run Build Command(s):/usr/bin/ninja cmTC_32766 && [1/2] Building CXX object CMakeFiles/cmTC_32766.dir/CMakeCXXCompilerABI.cpp.obj]
  ignore line: [Using built-in specs.]
  ignore line: [COLLECT_GCC=/usr/bin/arm-none-eabi-g++]
  ignore line: [Target: arm-none-eabi]
  ignore line: [Configured with: ../configure --build=x86_64-linux-gnu --prefix=/usr --includedir='/usr/lib/include' --mandir='/usr/lib/share/man' --infodir='/usr/lib/share/info' --sysconfdir=/etc --localstatedir=/var --disable-option-checking --disable-silent-rules --libdir='/usr/lib/lib/x86_64-linux-gnu' --libexecdir='/usr/lib/lib/x86_64-linux-gnu' --disable-maintainer-mode --disable-dependency-tracking --mandir=/usr/share/man --enable-languages=c,c++,lto --enable-multilib --disable-decimal-float --disable-libffi --disable-libgomp --disable-libmudflap --disable-libquadmath --disable-libssp --disable-libstdcxx-pch --disable-nls --disable-shared --disable-threads --enable-tls --build=x86_64-linux-gnu --target=arm-none-eabi --with-system-zlib --with-gnu-as --with-gnu-ld --with-pkgversion=15:10.3-2021.07-4 --without-included-gettext --prefix=/usr/lib --infodir=/usr/share/doc/gcc-arm-none-eabi/info --htmldir=/usr/share/doc/gcc-arm-none-eabi/html --pdfdir=/usr/share/doc/gcc-arm-none-eabi/pdf --bindir=/usr/bin --libexecdir=/usr/lib --libdir=/usr/lib --disable-libstdc++-v3 --host=x86_64-linux-gnu --with-headers=no --without-newlib --with-multilib-list=rmprofile,aprofile CFLAGS='-g -O2 -ffile-prefix-map=/build/gcc-arm-none-eabi-hYfgK4/gcc-arm-none-eabi-10.3-2021.07=. -flto=auto -ffat-lto-objects -fstack-protector-strong' CPPFLAGS='-Wdate-time -D_FORTIFY_SOURCE=2' CXXFLAGS='-g -O2 -ffile-prefix-map=/build/gcc-arm-none-eabi-hYfgK4/gcc-arm-none-eabi-10.3-2021.07=. -flto=auto -ffat-lto-objects -fstack-protector-strong' DFLAGS=-frelease FCFLAGS='-g -O2 -ffile-prefix-map=/build/gcc-arm-none-eabi-hYfgK4/gcc-arm-none-eabi-10.3-2021.07=. -flto=auto -ffat-lto-objects -fstack-protector-strong' FFLAGS='-g -O2 -ffile-prefix-map=/build/gcc-arm-none-eabi-hYfgK4/gcc-arm-none-eabi-10.3-2021.07=. -flto=auto -ffat-lto-objects -fstack-protector-strong' GCJFLAGS='-g -O2 -ffile-prefix-map=/build/gcc-arm-none-eabi-hYfgK4/gcc-arm-none-eabi-10.3-2021.07=. -fstack-protector-strong' LDFLAGS='-Wl,-Bsymbolic-functions -flto=auto -Wl,-z,relro' OBJCFLAGS='-g -O2 -ffile-prefix-map=/build/gcc-arm-none-eabi-hYfgK4/gcc-arm-none-eabi-10.3-2021.07=. -flto=auto -ffat-lto-objects -fstack-protector-strong' OBJCXXFLAGS='-g -O2 -ffile-prefix-map=/build/gcc-arm-none-eabi-hYfgK4/gcc-arm-none-eabi-10.3-2021.07=. -flto=auto -ffat-lto-objects -fstack-protector-strong' INHIBIT_LIBC_CFLAGS=-DUSE_TM_CLONE_REGISTRY=0 AR_FOR_TARGET=arm-none-eabi-ar AS_FOR_TARGET=arm-none-eabi-as LD_FOR_TARGET=arm-none-eabi-ld NM_FOR_TARGET=arm-none-eabi-nm OBJDUMP_FOR_TARGET=arm-none-eabi-objdump RANLIB_FOR_TARGET=arm-none-eabi-ranlib READELF_FOR_TARGET=arm-none-eabi-readelf STRIP_FOR_TARGET=arm-none-eabi-strip SED=/bin/sed SHELL=/bin/sh BASH=/bin/bash CONFIG_SHELL=/bin/bash]
  ignore line: [Thread model: single]
  ignore line: [Supported LTO compression algorithms: zlib]
  ignore line: [gcc version 10.3.1 20210621 (release) (15:10.3-2021.07-4) ]
  ignore line: [COLLECT_GCC_OPTIONS='-fno-exceptions' '-fno-unwind-tables' '-ffunction-sections' '-fdata-sections' '-Wall' '-Wextra' '-fno-rtti' '-fno-threadsafe-statics' '-mcpu=cortex-m0' '-mthumb' '-D' '__thumb2__' '-std=c++11' '-fwrapv' '-D' 'TOOLCHAIN_GCC' '-D' 'TOOLCHAIN_GCC_ARM' '-D' 'MBED_OPERATORS' '-D' 'NRF51' '-D' 'TARGET_NORDIC' '-D' 'TARGET_M0' '-D' '__MBED__=1' '-D' 'MCU_NORDIC_16K' '-D' 'TARGET_NRF51_MICROBIT' '-D' 'TARGET_MCU_NORDIC_16K' '-D' 'TARGET_MCU_NRF51_16K_S110' '-D' 'TARGET_NRF_LFCLK_RC' '-D' 'TARGET_MCU_NORDIC_16K' '-D' '__CORTEX_M0' '-D' 'ARM_MATH_CM0' '-v' '-o' 'CMakeFiles/cmTC_32766.dir/CMakeCXXCompilerABI.cpp.obj' '-c' '-mfloat-abi=soft' '-mlibarch=armv6s-m' '-march=armv6s-m']
  ignore line: [ /usr/lib/gcc/arm-none-eabi/10.3.1/cc1plus -quiet -v -imultilib thumb/v6-m/nofp -D__USES_INITFINI__ -D __thumb2__ -D TOOLCHAIN_GCC -D TOOLCHAIN_GCC_ARM -D MBED_OPERATORS -D NRF51 -D TARGET_NORDIC -D TARGET_M0 -D __MBED__=1 -D MCU_NORDIC_16K -D TARGET_NRF51_MICROBIT -D TARGET_MCU_NORDIC_16K -D TARGET_MCU_NRF51_16K_S110 -D TARGET_NRF_LFCLK_RC -D TARGET_MCU_NORDIC_16K -D __CORTEX_M0 -D ARM_MATH_CM0 /usr/share/cmake-3.22/Modules/CMakeCXXCompilerABI.cpp -quiet -dumpbase CMakeCXXCompilerABI.cpp -mcpu=cortex-m0 -mthumb -mfloat-abi=soft -mlibarch=armv6s-m -march=armv6s-m -auxbase-strip CMakeFiles/cmTC_32766.dir/CMakeCXXCompilerABI.cpp.obj -Wall -Wextra -std=c++11 -version -fno-exceptions -fno-unwind-tables -ffunction-sections -fdata-sections -fno-rtti -fno-threadsafe-statics -fwrapv -o /tmp/ccmwUj2r.s]
  ignore line: [GNU C++11 (15:10.3-2021.07-4) version 10.3.1 20210621 (release) (arm-none-eabi)]
  ignore line: [	compiled by GNU C version 11.2.0  GMP version 6.2.1  MPFR version 4.1.0  MPC version 1.2.1  isl version isl-0.24-GMP]
  ignore line: []
  ignore line: [GGC heuristics: --param ggc-min-expand=100 --param ggc-min-heapsize=131072]
  ignore line: [ignoring nonexistent directory "/usr/lib/gcc/arm-none-eabi/10.3.1/../../../arm-none-eabi/sys-include"]
  ignore line: [#include "..." search starts here:]
  ignore line: [#include <...> search starts here:]
  ignore line: [ /usr/lib/gcc/arm-none-eabi/10.3.1/../../../arm-none-eabi/include/c++/10.3.1]
  ignore line: [ /usr/lib/gcc/arm-none-eabi/10.3.1/../../../arm-none-eabi/include/c++/10.3.1/arm-none-eabi/thumb/v6-m/nofp]
  ignore line: [ /usr/lib/gcc/arm-none-eabi/10.3.1/../../../arm-none-eabi/include/c++/10.3.1/backward]
  ignore line: [ /usr/lib/gcc/arm-none-eabi/10.3.1/include]
  ignore line: [ /usr/lib/gcc/arm-none-eabi/10.3.1/include-fixed]
  ignore line: [ /usr/lib/gcc/arm-none-eabi/10.3.1/../../../arm-none-eabi/include]
  ignore line: [End of search list.]
  ignore line: [GNU C++11 (15:10.3-2021.07-4) version 10.3.1 20210621 (release) (arm-none-eabi)]
  ignore line: [	compiled by GNU C version 11.2.0  GMP version 6.2.1  MPFR version 4.1.0  MPC version 1.2.1  isl version isl-0.24-GMP]
  ignore line: []
  ignore line: [GGC heuristics: --param ggc-min-expand=100 --param ggc-min-heapsize=131072]
  ignore line: [Compiler executable checksum: 4f994585a8ca8864fa1f4d2fb208a0ba]
  ignore line: [COLLECT_GCC_OPTIONS='-fno-exceptions' '-fno-unwind-tables' '-ffunction-sections' '-fdata-sections' '-Wall' '-Wextra' '-fno-rtti' '-fno-threadsafe-statics' '-mcpu=cortex-m0' '-mthumb' '-D' '__thumb2__' '-std=c++11' '-fwrapv' '-D' 'TOOLCHAIN_GCC' '-D' 'TOOLCHAIN_GCC_ARM' '-D' 'MBED_OPERATORS' '-D' 'NRF51' '-D' 'TARGET_NORDIC' '-D' 'TARGET_M0' '-D' '__MBED__=1' '-D' 'MCU_NORDIC_16K' '-D' 'TARGET_NRF51_MICROBIT' '-D' 'TARGET_MCU_NORDIC_16K' '-D' 'TARGET_MCU_NRF51_16K_S110' '-D' 'TARGET_NRF_LFCLK_RC' '-D' 'TARGET_MCU_NORDIC_16K' '-D' '__CORTEX_M0' '-D' 'ARM_MATH_CM0' '-v' '-o' 'CMakeFiles/cmTC_32766.dir/CMakeCXXCompilerABI.cpp.obj' '-c' '-mfloat-abi=soft' '-mlibarch=armv6s-m' '-march=armv6s-m']
  ignore line: [ /usr/lib/gcc/arm-none-eabi/10.3.1/../../../arm-none-eabi/bin/as -v -march=armv6s-m -mfloat-abi=soft -meabi=5 -o CMakeFiles/cmTC_32766.dir/CMakeCXXCompilerABI.cpp.obj /tmp/ccmwUj2r.s]
  ignore line: [GNU assembler version 2.38 (arm-none-eabi) using BFD version (2.38-3ubuntu1+15build1) 2.38]
  ignore line: [COMPILER_PATH=/usr/lib/gcc/arm-none-eabi/10.3.1/:/usr/lib/gcc/arm-none-eabi/10.3.1/:/usr/lib/gcc/arm-none-eabi/:/usr/lib/gcc/arm-none-eabi/10.3.1/:/usr/lib/gcc/arm-none-eabi/:/usr/lib/gcc/arm-none-eabi/10.3.1/../../../arm-none-eabi/bin/]
  ignore line: [LIBRARY_PATH=/usr/lib/gcc/arm-none-eabi/10.3.1/thumb/v6-m/nofp/:/usr/lib/gcc/arm-none-eabi/10.3.1/../../../arm-none-eabi/lib/thumb/v6-m/nofp/:/usr/lib/gcc/arm-none-eabi/10.3.1/:/usr/lib/gcc/arm-none-eabi/10.3.1/../../../arm-none-eabi/lib/]
  ignore line: [COLLECT_GCC_OPTIONS='-fno-exceptions' '-fno-unwind-tables' '-ffunction-sections' '-fdata-sections' '-Wall' '-Wextra' '-fno-rtti' '-fno-threadsafe-statics' '-mcpu=cortex-m0' '-mthumb' '-D' '__thumb2__' '-std=c++11' '-fwrapv' '-D' 'TOOLCHAIN_GCC' '-D' 'TOOLCHAIN_GCC_ARM' '-D' 'MBED_OPERATORS' '-D' 'NRF51' '-D' 'TARGET_NORDIC' '-D' 'TARGET_M0' '-D' '__MBED__=1' '-D' 'MCU_NORDIC_16K' '-D' 'TARGET_NRF51_MICROBIT' '-D' 'TARGET_MCU_NORDIC_16K' '-D' 'TARGET_MCU_NRF51_16K_S110' '-D' 'TARGET_NRF_LFCLK_RC' '-D' 'TARGET_MCU_NORDIC_16K' '-D' '__CORTEX_M0' '-D' 'ARM_MATH_CM0' '-v' '-o' 'CMakeFiles/cmTC_32766.dir/CMakeCXXCompilerABI.cpp.obj' '-c' '-mfloat-abi=soft' '-mlibarch=armv6s-m' '-march=armv6s-m']
  ignore line: [[2/2] Linking CXX executable cmTC_32766]
  ignore line: [Using built-in specs.]
  ignore line: [Reading specs from /usr/lib/gcc/arm-none-eabi/10.3.1/../../../arm-none-eabi/lib/nano.specs]
  ignore line: [rename spec link to nano_link]
  ignore line: [rename spec link_gcc_c_sequence to nano_link_gcc_c_sequence]
  ignore line: [rename spec cpp_unique_options to nano_cpp_unique_options]
  ignore line: [COLLECT_GCC=/usr/bin/arm-none-eabi-g++]
  ignore line: [COLLECT_LTO_WRAPPER=/usr/lib/gcc/arm-none-eabi/10.3.1/lto-wrapper]
  ignore line: [Target: arm-none-eabi]
  ignore line: [Configured with: ../configure --build=x86_64-linux-gnu --prefix=/usr --includedir='/usr/lib/include' --mandir='/usr/lib/share/man' --infodir='/usr/lib/share/info' --sysconfdir=/etc --localstatedir=/var --disable-option-checking --disable-silent-rules --libdir='/usr/lib/lib/x86_64-linux-gnu' --libexecdir='/usr/lib/lib/x86_64-linux-gnu' --disable-maintainer-mode --disable-dependency-tracking --mandir=/usr/share/man --enable-languages=c,c++,lto --enable-multilib --disable-decimal-float --disable-libffi --disable-libgomp --disable-libmudflap --disable-libquadmath --disable-libssp --disable-libstdcxx-pch --disable-nls --disable-shared --disable-threads --enable-tls --build=x86_64-linux-gnu --target=arm-none-eabi --with-system-zlib --with-gnu-as --with-gnu-ld --with-pkgversion=15:10.3-2021.07-4 --without-included-gettext --prefix=/usr/lib --infodir=/usr/share/doc/gcc-arm-none-eabi/info --htmldir=/usr/share/doc/gcc-arm-none-eabi/html --pdfdir=/usr/share/doc/gcc-arm-none-eabi/pdf --bindir=/usr/bin --libexecdir=/usr/lib --libdir=/usr/lib --disable-libstdc++-v3 --host=x86_64-linux-gnu --with-headers=no --without-newlib --with-multilib-list=rmprofile,aprofile CFLAGS='-g -O2 -ffile-prefix-map=/build/gcc-arm-none-eabi-hYfgK4/gcc-arm-none-eabi-10.3-2021.07=. -flto=auto -ffat-lto-objects -fstack-protector-strong' CPPFLAGS='-Wdate-time -D_FORTIFY_SOURCE=2' CXXFLAGS='-g -O2 -ffile-prefix-map=/build/gcc-arm-none-eabi-hYfgK4/gcc-arm-none-eabi-10.3-2021.07=. -flto=auto -ffat-lto-objects -fstack-protector-strong' DFLAGS=-frelease FCFLAGS='-g -O2 -ffile-prefix-map=/build/gcc-arm-none-eabi-hYfgK4/gcc-arm-none-eabi-10.3-2021.07=. -flto=auto -ffat-lto-objects -fstack-protector-strong' FFLAGS='-g -O2 -ffile-prefix-map=/build/gcc-arm-none-eabi-hYfgK4/gcc-arm-none-eabi-10.3-2021.07=. -flto=auto -ffat-lto-objects -fstack-protector-strong' GCJFLAGS='-g -O2 -ffile-prefix-map=/build/gcc-arm-none-eabi-hYfgK4/gcc-arm-none-eabi-10.3-2021.07=. -fstack-protector-strong' LDFLAGS='-Wl,-Bsymbolic-functions -flto=auto -Wl,-z,relro' OBJCFLAGS='-g -O2 -ffile-prefix-map=/build/gcc-arm-none-eabi-hYfgK4/gcc-arm-none-eabi-10.3-2021.07=. -flto=auto -ffat-lto-objects -fstack-protector-strong' OBJCXXFLAGS='-g -O2 -ffile-prefix-map=/build/gcc-arm-none-eabi-hYfgK4/gcc-arm-none-eabi-10.3-2021.07=. -flto=auto -ffat-lto-objects -fstack-protector-strong' INHIBIT_LIBC_CFLAGS=-DUSE_TM_CLONE_REGISTRY=0 AR_FOR_TARGET=arm-none-eabi-ar AS_FOR_TARGET=arm-none-eabi-as LD_FOR_TARGET=arm-none-eabi-ld NM_FOR_TARGET=arm-none-eabi-nm OBJDUMP_FOR_TARGET=arm-none-eabi-objdump RANLIB_FOR_TARGET=arm-none-eabi-ranlib READELF_FOR_TARGET=arm-none-eabi-readelf STRIP_FOR_TARGET=arm-none-eabi-strip SED=/bin/sed SHELL=/bin/sh BASH=/bin/bash CONFIG_SHELL=/bin/bash]
  ignore line: [Thread model: single]
  ignore line: [Supported LTO compression algorithms: zlib]
  ignore line: [gcc version 10.3.1 20210621 (release) (15:10.3-2021.07-4) ]
  ignore line: [COMPILER_PATH=/usr/lib/gcc/arm-none-eabi/10.3.1/:/usr/lib/gcc/arm-none-eabi/10.3.1/:/usr/lib/gcc/arm-none-eabi/:/usr/lib/gcc/arm-none-eabi/10.3.1/:/usr/lib/gcc/arm-none-eabi/:/usr/lib/gcc/arm-none-eabi/10.3.1/../../../arm-none-eabi/bin/]
  ignore line: [LIBRARY_PATH=/usr/lib/gcc/arm-none-eabi/10.3.1/thumb/v6-m/nofp/:/usr/lib/gcc/arm-none-eabi/10.3.1/../../../arm-none-eabi/lib/thumb/v6-m/nofp/:/usr/lib/gcc/arm-none-eabi/10.3.1/:/usr/lib/gcc/arm-none-eabi/10.3.1/../../../arm-none-eabi/lib/]
  ignore line: [COLLECT_GCC_OPTIONS='-fno-exceptions' '-fno-unwind-tables' '-mcpu=cortex-m0' '-mthumb' '-T' '/home/damien/Documents/Ecole/s7/projet-transverse/data-center/rf2/yotta_targets/bbc-microbit-classic-gcc/CMake/../ld/NRF51822.ld' '-v' '-specs=nano.specs' '-o' 'cmTC_32766' '-mfloat-abi=soft' '-mlibarch=armv6s-m' '-march=armv6s-m']
  link line: [ /usr/lib/gcc/arm-none-eabi/10.3.1/collect2 -plugin /usr/lib/gcc/arm-none-eabi/10.3.1/liblto_plugin.so -plugin-opt=/usr/lib/gcc/arm-none-eabi/10.3.1/lto-wrapper -plugin-opt=-fresolution=/tmp/ccGZnLhe.res -plugin-opt=-pass-through=-lgcc -plugin-opt=-pass-through=-lc_nano -plugin-opt=-pass-through=-lgcc -plugin-opt=-pass-through=-lc_nano -X -o cmTC_32766 /usr/lib/gcc/arm-none-eabi/10.3.1/thumb/v6-m/nofp/crti.o /usr/lib/gcc/arm-none-eabi/10.3.1/thumb/v6-m/nofp/crtbegin.o /usr/lib/gcc/arm-none-eabi/10.3.1/../../../arm-none-eabi/lib/thumb/v6-m/nofp/crt0.o -L/usr/lib/gcc/arm-none-eabi/10.3.1/thumb/v6-m/nofp -L/usr/lib/gcc/arm-none-eabi/10.3.1/../../../arm-none-eabi/lib/thumb/v6-m/nofp -L/usr/lib/gcc/arm-none-eabi/10.3.1 -L/usr/lib/gcc/arm-none-eabi/10.3.1/../../../arm-none-eabi/lib --gc-sections --sort-common --sort-section=alignment -wrap main -Map cmTC_32766.map --start-group CMakeFiles/cmTC_32766.dir/CMakeCXXCompilerABI.cpp.obj -lstdc++_nano -lsupc++_nano -lgcc -lstdc++_nano -lsupc++_nano -lm -lc_nano -lgcc --end-group -lstdc++_nano -lm -lc_nano --start-group -lgcc -lc_nano --end-group --start-group -lgcc -lc_nano --end-group /usr/lib/gcc/arm-none-eabi/10.3.1/thumb/v6-m/nofp/crtend.o /usr/lib/gcc/arm-none-eabi/10.3.1/thumb/v6-m/nofp/crtn.o -T /home/damien/Documents/Ecole/s7/projet-transverse/data-center/rf2/yotta_targets/bbc-microbit-classic-gcc/CMake/../ld/NRF51822.ld]
    arg [/usr/lib/gcc/arm-none-eabi/10.3.1/collect2] ==> ignore
    arg [-plugin] ==> ignore
    arg [/usr/lib/gcc/arm-none-eabi/10.3.1/liblto_plugin.so] ==> ignore
    arg [-plugin-opt=/usr/lib/gcc/arm-none-eabi/10.3.1/lto-wrapper] ==> ignore
    arg [-plugin-opt=-fresolution=/tmp/ccGZnLhe.res] ==> ignore
    arg [-plugin-opt=-pass-through=-lgcc] ==> ignore
    arg [-plugin-opt=-pass-through=-lc_nano] ==> ignore
    arg [-plugin-opt=-pass-through=-lgcc] ==> ignore
    arg [-plugin-opt=-pass-through=-lc_nano] ==> ignore
    arg [-X] ==> ignore
    arg [-o] ==> ignore
    arg [cmTC_32766] ==> ignore
    arg [/usr/lib/gcc/arm-none-eabi/10.3.1/thumb/v6-m/nofp/crti.o] ==> obj [/usr/lib/gcc/arm-none-eabi/10.3.1/thumb/v6-m/nofp/crti.o]
    arg [/usr/lib/gcc/arm-none-eabi/10.3.1/thumb/v6-m/nofp/crtbegin.o] ==> obj [/usr/lib/gcc/arm-none-eabi/10.3.1/thumb/v6-m/nofp/crtbegin.o]
    arg [/usr/lib/gcc/arm-none-eabi/10.3.1/../../../arm-none-eabi/lib/thumb/v6-m/nofp/crt0.o] ==> obj [/usr/lib/gcc/arm-none-eabi/10.3.1/../../../arm-none-eabi/lib/thumb/v6-m/nofp/crt0.o]
    arg [-L/usr/lib/gcc/arm-none-eabi/10.3.1/thumb/v6-m/nofp] ==> dir [/usr/lib/gcc/arm-none-eabi/10.3.1/thumb/v6-m/nofp]
    arg [-L/usr/lib/gcc/arm-none-eabi/10.3.1/../../../arm-none-eabi/lib/thumb/v6-m/nofp] ==> dir [/usr/lib/gcc/arm-none-eabi/10.3.1/../../../arm-none-eabi/lib/thumb/v6-m/nofp]
    arg [-L/usr/lib/gcc/arm-none-eabi/10.3.1] ==> dir [/usr/lib/gcc/arm-none-eabi/10.3.1]
    arg [-L/usr/lib/gcc/arm-none-eabi/10.3.1/../../../arm-none-eabi/lib] ==> dir [/usr/lib/gcc/arm-none-eabi/10.3.1/../../../arm-none-eabi/lib]
    arg [--gc-sections] ==> ignore
    arg [--sort-common] ==> ignore
    arg [--sort-section=alignment] ==> ignore
    arg [-wrap] ==> ignore
    arg [main] ==> ignore
    arg [-Map] ==> ignore
    arg [cmTC_32766.map] ==> ignore
    arg [--start-group] ==> ignore
    arg [CMakeFiles/cmTC_32766.dir/CMakeCXXCompilerABI.cpp.obj] ==> ignore
    arg [-lstdc++_nano] ==> lib [stdc++_nano]
    arg [-lsupc++_nano] ==> lib [supc++_nano]
    arg [-lgcc] ==> lib [gcc]
    arg [-lstdc++_nano] ==> lib [stdc++_nano]
    arg [-lsupc++_nano] ==> lib [supc++_nano]
    arg [-lm] ==> lib [m]
    arg [-lc_nano] ==> lib [c_nano]
    arg [-lgcc] ==> lib [gcc]
    arg [--end-group] ==> ignore
    arg [-lstdc++_nano] ==> lib [stdc++_nano]
    arg [-lm] ==> lib [m]
    arg [-lc_nano] ==> lib [c_nano]
    arg [--start-group] ==> ignore
    arg [-lgcc] ==> lib [gcc]
    arg [-lc_nano] ==> lib [c_nano]
    arg [--end-group] ==> ignore
    arg [--start-group] ==> ignore
    arg [-lgcc] ==> lib [gcc]
    arg [-lc_nano] ==> lib [c_nano]
    arg [--end-group] ==> ignore
    arg [/usr/lib/gcc/arm-none-eabi/10.3.1/thumb/v6-m/nofp/crtend.o] ==> obj [/usr/lib/gcc/arm-none-eabi/10.3.1/thumb/v6-m/nofp/crtend.o]
    arg [/usr/lib/gcc/arm-none-eabi/10.3.1/thumb/v6-m/nofp/crtn.o] ==> obj [/usr/lib/gcc/arm-none-eabi/10.3.1/thumb/v6-m/nofp/crtn.o]
    arg [-T] ==> ignore
    arg [/home/damien/Documents/Ecole/s7/projet-transverse/data-center/rf2/yotta_targets/bbc-microbit-classic-gcc/CMake/../ld/NRF51822.ld] ==> ignore
  collapse obj [/usr/lib/gcc/arm-none-eabi/10.3.1/../../../arm-none-eabi/lib/thumb/v6-m/nofp/crt0.o] ==> [/usr/lib/arm-none-eabi/lib/thumb/v6-m/nofp/crt0.o]
  collapse library dir [/usr/lib/gcc/arm-none-eabi/10.3.1/thumb/v6-m/nofp] ==> [/usr/lib/gcc/arm-none-eabi/10.3.1/thumb/v6-m/nofp]
  collapse library dir [/usr/lib/gcc/arm-none-eabi/10.3.1/../../../arm-none-eabi/lib/thumb/v6-m/nofp] ==> [/usr/lib/arm-none-eabi/lib/thumb/v6-m/nofp]
  collapse library dir [/usr/lib/gcc/arm-none-eabi/10.3.1] ==> [/usr/lib/gcc/arm-none-eabi/10.3.1]
  collapse library dir [/usr/lib/gcc/arm-none-eabi/10.3.1/../../../arm-none-eabi/lib] ==> [/usr/lib/arm-none-eabi/lib]
  implicit libs: [stdc++_nano;supc++_nano;gcc;stdc++_nano;supc++_nano;m;c_nano;gcc;stdc++_nano;m;c_nano;gcc;c_nano;gcc;c_nano]
  implicit objs: [/usr/lib/gcc/arm-none-eabi/10.3.1/thumb/v6-m/nofp/crti.o;/usr/lib/gcc/arm-none-eabi/10.3.1/thumb/v6-m/nofp/crtbegin.o;/usr/lib/arm-none-eabi/lib/thumb/v6-m/nofp/crt0.o;/usr/lib/gcc/arm-none-eabi/10.3.1/thumb/v6-m/nofp/crtend.o;/usr/lib/gcc/arm-none-eabi/10.3.1/thumb/v6-m/nofp/crtn.o]
  implicit dirs: [/usr/lib/gcc/arm-none-eabi/10.3.1/thumb/v6-m/nofp;/usr/lib/arm-none-eabi/lib/thumb/v6-m/nofp;/usr/lib/gcc/arm-none-eabi/10.3.1;/usr/lib/arm-none-eabi/lib]
  implicit fwks: []


Checking whether the ASM compiler is GNU using "--version" matched "(GNU assembler)|(GCC)|(Free Software Foundation)":
arm-none-eabi-gcc (15:10.3-2021.07-4) 10.3.1 20210621 (release)
Copyright (C) 2020 Free Software Foundation, Inc.
This is free software; see the source for copying conditions.  There is NO
warranty; not even for MERCHANTABILITY or FITNESS FOR A PARTICULAR PURPOSE.

