[INFO] 12/01/2024 10:12:25 AM : Application service-relay-mqtt-db started ! :) - Press Ctrl-C to quit
[ERROR] 12/01/2024 10:12:25 AM : It appears that there was an error while connecting to the Broker : [Errno 111] Connection refused. Maybe it's down ?
[ERROR] 12/01/2024 10:12:25 AM : It seems there was an error initializing Database : 'NoneType' object has no attribute 'endswith'
[INFO] 12/01/2024 10:13:25 AM : Application service-relay-mqtt-db started ! :) - Press Ctrl-C to quit
[ERROR] 12/01/2024 10:13:25 AM : It appears that there was an error while connecting to the Broker : [Errno 111] Connection refused. Maybe it's down ?
[ERROR] 12/01/2024 10:13:25 AM : It seems there was an error initializing Database : 'NoneType' object has no attribute 'endswith'
[INFO] 12/01/2024 10:49:05 AM : Application service-relay-mqtt-db started ! :) - Press Ctrl-C to quit
[ERROR] 12/01/2024 10:49:05 AM : It appears that there was an error while connecting to the Broker : [Errno 111] Connection refused. Maybe it's down ?
[ERROR] 12/01/2024 10:49:05 AM : It seems there was an error initializing Database : 'NoneType' object has no attribute 'endswith'
[INFO] 12/01/2024 10:55:15 AM : Application service-relay-mqtt-db started ! :) - Press Ctrl-C to quit
[ERROR] 12/01/2024 10:55:15 AM : It appears that there was an error while connecting to the Broker : [Errno 111] Connection refused. Maybe it's down ?
[ERROR] 12/01/2024 10:55:15 AM : It seems there was an error initializing Database : 'NoneType' object has no attribute 'endswith'
[INFO] 12/01/2024 10:57:45 AM : Application service-relay-mqtt-db started ! :) - Press Ctrl-C to quit
[ERROR] 12/01/2024 10:57:45 AM : It appears that there was an error while connecting to the Broker : [Errno 111] Connection refused. Maybe it's down ?
[ERROR] 12/01/2024 10:57:45 AM : It seems there was an error initializing Database : 'NoneType' object has no attribute 'endswith'
[INFO] 12/01/2024 11:04:36 AM : Application service-relay-mqtt-db started ! :) - Press Ctrl-C to quit
[ERROR] 12/01/2024 11:04:36 AM : It appears that there was an error while connecting to the Broker : [Errno 111] Connection refused. Maybe it's down ?
[ERROR] 12/01/2024 11:04:36 AM : It seems there was an error initializing Database : 'NoneType' object has no attribute 'endswith'
[INFO] 12/01/2024 12:18:15 PM : Application service-relay-mqtt-db started ! :) - Press Ctrl-C to quit
[ERROR] 12/01/2024 12:18:15 PM : It appears that there was an error while connecting to the Broker : [Errno 111] Connection refused. Maybe it's down ?
[ERROR] 12/01/2024 12:18:15 PM : It seems there was an error initializing Database : 'NoneType' object has no attribute 'endswith'
[INFO] 12/01/2024 12:24:24 PM : Application service-relay-mqtt-db started ! :) - Press Ctrl-C to quit
[ERROR] 12/01/2024 12:24:24 PM : It appears that there was an error while connecting to the Broker : [Errno 111] Connection refused. Maybe it's down ?
[ERROR] 12/01/2024 12:24:24 PM : It seems there was an error initializing Database : 'NoneType' object has no attribute 'endswith'
[INFO] 12/01/2024 12:25:23 PM : Application service-relay-mqtt-db started ! :) - Press Ctrl-C to quit
[ERROR] 12/01/2024 12:25:23 PM : It appears that there was an error while connecting to the Broker : [Errno 111] Connection refused. Maybe it's down ?
[ERROR] 12/01/2024 12:25:23 PM : It seems there was an error initializing Database : 'NoneType' object has no attribute 'endswith'
[INFO] 12/01/2024 12:25:27 PM : Application service-relay-mqtt-db is ending her life...
[INFO] 12/01/2024 12:27:10 PM : Application service-relay-mqtt-db started ! :) - Press Ctrl-C to quit
[ERROR] 12/01/2024 12:27:10 PM : It appears that there was an error while connecting to the Broker : [Errno 111] Connection refused. Maybe it's down ?
[ERROR] 12/01/2024 12:27:10 PM : It seems there was an error initializing Database : 'NoneType' object has no attribute 'endswith'
[INFO] 12/01/2024 12:27:43 PM : Application service-relay-mqtt-db started ! :) - Press Ctrl-C to quit
[ERROR] 12/01/2024 12:27:43 PM : It appears that there was an error while connecting to the Broker : [Errno 111] Connection refused. Maybe it's down ?
[ERROR] 12/01/2024 12:27:43 PM : It seems there was an error initializing Database : 'NoneType' object has no attribute 'endswith'
[INFO] 12/01/2024 12:32:42 PM : Application service-relay-mqtt-db started ! :) - Press Ctrl-C to quit
[ERROR] 12/01/2024 12:32:42 PM : It appears that there was an error while connecting to the Broker : [Errno 111] Connection refused. Maybe it's down ?
[ERROR] 12/01/2024 12:32:42 PM : It seems there was an error initializing Database : 'NoneType' object has no attribute 'endswith'
[INFO] 12/01/2024 12:35:18 PM : Application service-relay-mqtt-db is ending her life...
[INFO] 12/01/2024 12:57:12 PM : Application service-relay-mqtt-db started ! :) - Press Ctrl-C to quit
[ERROR] 12/01/2024 12:57:12 PM : It appears that there was an error while connecting to the Broker : [Errno 111] Connection refused. Maybe it's down ?
[INFO] 12/01/2024 12:57:12 PM : Successfully connected to database (Org: DaddyYungees)
[INFO] 12/01/2024 12:57:13 PM : Successfully connected to Broker 192.168.80.2:1883
[INFO] 12/01/2024 12:57:13 PM : Successfully subscribed to topics
[INFO] 12/01/2024 12:59:57 PM : Disconnected with result code: 7
[INFO] 12/01/2024 12:59:57 PM : Reconnecting in 1 seconds...
[ERROR] 12/01/2024 01:00:03 PM : timed out. Reconnect failed. Retrying...
[INFO] 12/01/2024 01:00:04 PM : Reconnecting in 2 seconds...
